2022-07-19 15:25:00,769 INFO  Logger.cs: 70 - 
--------------------------------------------------------------------------------
2022-07-19 15:25:00,953 INFO  Logger.cs: 71 - Logging commencing for SW2URDF exporter
2022-07-19 15:25:00,955 INFO  Logger.cs: 73 - Commit version 1.6.0-4-g7f85cfe
2022-07-19 15:25:00,956 INFO  Logger.cs: 74 - Build version 1.6.7995.38578
2022-07-19 15:25:00,965 INFO  SwAddin.cs: 192 - Attempting to connect to SW
2022-07-19 15:25:00,966 INFO  SwAddin.cs: 197 - Setting up callbacks
2022-07-19 15:25:00,967 INFO  SwAddin.cs: 201 - Setting up command manager
2022-07-19 15:25:00,968 INFO  SwAddin.cs: 204 - Adding command manager
2022-07-19 15:25:00,972 INFO  SwAddin.cs: 263 - Adding Assembly export to file menu
2022-07-19 15:25:00,974 INFO  SwAddin.cs: 272 - Adding Part export to file menu
2022-07-19 15:25:00,974 INFO  SwAddin.cs: 210 - Adding event handlers
2022-07-19 15:25:01,051 INFO  SwAddin.cs: 217 - Connecting plugin to SolidWorks
2022-07-19 15:31:05,039 INFO  SwAddin.cs: 294 - Assembly export called for file ×°ÅäÌå2
2022-07-19 15:31:05,043 INFO  SwAddin.cs: 299 - Save is required
2022-07-19 15:31:05,043 INFO  SwAddin.cs: 313 - Saving assembly
2022-07-19 15:31:05,045 INFO  SwAddin.cs: 316 - Opening property manager
2022-07-19 15:31:05,132 INFO  ExportHelperExtension.cs: 1125 - Retrieving features of type [CoordSys] from ×°ÅäÌå2
2022-07-19 15:31:05,232 INFO  ExportHelperExtension.cs: 1136 - Found 18 in ×°ÅäÌå2
2022-07-19 15:31:05,235 INFO  ExportHelperExtension.cs: 1145 - Found 1 features of type [CoordSys] in ×°ÅäÌå2
2022-07-19 15:31:05,238 INFO  ExportHelperExtension.cs: 1148 - Proceeding through assembly components
2022-07-19 15:31:05,269 INFO  ExportHelperExtension.cs: 1160 - 1 components to check
2022-07-19 15:31:05,275 INFO  ExportHelperExtension.cs: 1125 - Retrieving features of type [CoordSys] from M8ÂÝË¨-1
2022-07-19 15:31:05,277 INFO  ExportHelperExtension.cs: 1136 - Found 37 in M8ÂÝË¨-1
2022-07-19 15:31:05,279 INFO  ExportHelperExtension.cs: 1145 - Found 0 features of type [CoordSys] in M8ÂÝË¨-1
2022-07-19 15:31:05,280 INFO  ExportHelperExtension.cs: 1125 - Retrieving features of type [RefAxis] from ×°ÅäÌå2
2022-07-19 15:31:05,281 INFO  ExportHelperExtension.cs: 1136 - Found 18 in ×°ÅäÌå2
2022-07-19 15:31:05,283 INFO  ExportHelperExtension.cs: 1145 - Found 0 features of type [RefAxis] in ×°ÅäÌå2
2022-07-19 15:31:05,284 INFO  ExportHelperExtension.cs: 1148 - Proceeding through assembly components
2022-07-19 15:31:05,285 INFO  ExportHelperExtension.cs: 1160 - 1 components to check
2022-07-19 15:31:05,285 INFO  ExportHelperExtension.cs: 1125 - Retrieving features of type [RefAxis] from M8ÂÝË¨-1
2022-07-19 15:31:05,286 INFO  ExportHelperExtension.cs: 1136 - Found 37 in M8ÂÝË¨-1
2022-07-19 15:31:05,286 INFO  ExportHelperExtension.cs: 1145 - Found 0 features of type [RefAxis] in M8ÂÝË¨-1
2022-07-19 15:31:06,216 INFO  SwAddin.cs: 339 - Loading config tree
2022-07-19 15:31:06,230 INFO  ExportPropertyManagerExtension.cs: 520 - Starting new configuration
2022-07-19 15:31:06,237 INFO  SwAddin.cs: 344 - Showing property manager
2022-07-19 15:31:20,317 INFO  ExportPropertyManager.cs: 1018 - OnComboboxSelectionChanged called. This method no longer throws an Exception. It just silently does nothing. Ok, except for this logging message
2022-07-19 15:31:24,045 INFO  ExportPropertyManager.cs: 422 - Configuration saved
2022-07-19 15:31:25,096 INFO  ExportHelperExtension.cs: 1125 - Retrieving features of type [CoordSys] from ×°ÅäÌå2
2022-07-19 15:31:25,151 INFO  ExportHelperExtension.cs: 1136 - Found 19 in ×°ÅäÌå2
2022-07-19 15:31:25,153 INFO  ExportHelperExtension.cs: 1145 - Found 1 features of type [CoordSys] in ×°ÅäÌå2
2022-07-19 15:31:25,155 INFO  ExportHelperExtension.cs: 1148 - Proceeding through assembly components
2022-07-19 15:31:25,156 INFO  ExportHelperExtension.cs: 1160 - 1 components to check
2022-07-19 15:31:25,158 INFO  ExportHelperExtension.cs: 1125 - Retrieving features of type [CoordSys] from M8ÂÝË¨-1
2022-07-19 15:31:25,159 INFO  ExportHelperExtension.cs: 1136 - Found 37 in M8ÂÝË¨-1
2022-07-19 15:31:25,161 INFO  ExportHelperExtension.cs: 1145 - Found 0 features of type [CoordSys] in M8ÂÝË¨-1
2022-07-19 15:31:25,163 INFO  ExportHelperExtension.cs: 1125 - Retrieving features of type [RefAxis] from ×°ÅäÌå2
2022-07-19 15:31:25,164 INFO  ExportHelperExtension.cs: 1136 - Found 19 in ×°ÅäÌå2
2022-07-19 15:31:25,166 INFO  ExportHelperExtension.cs: 1145 - Found 0 features of type [RefAxis] in ×°ÅäÌå2
2022-07-19 15:31:25,167 INFO  ExportHelperExtension.cs: 1148 - Proceeding through assembly components
2022-07-19 15:31:25,168 INFO  ExportHelperExtension.cs: 1160 - 1 components to check
2022-07-19 15:31:25,169 INFO  ExportHelperExtension.cs: 1125 - Retrieving features of type [RefAxis] from M8ÂÝË¨-1
2022-07-19 15:31:25,170 INFO  ExportHelperExtension.cs: 1136 - Found 37 in M8ÂÝË¨-1
2022-07-19 15:31:25,172 INFO  ExportHelperExtension.cs: 1145 - Found 0 features of type [RefAxis] in M8ÂÝË¨-1
2022-07-19 15:31:25,240 INFO  ExportPropertyManager.cs: 1142 - AfterClose called. This method no longer throws an Exception. It just silently does nothing. Ok, except for this logging message
2022-07-19 15:31:43,105 INFO  AssemblyExportForm.cs: 253 - Completing URDF export
2022-07-19 15:31:43,144 INFO  ConfigurationSerialization.cs: 276 - URDF Configuration found
<Link z:Id="i1" xmlns="http://schemas.datacontract.org/2004/07/SW2URDF" xmlns:i="http://www.w3.org/2001/XMLSchema-instance" xmlns:z="http://schemas.microsoft.com/2003/10/Serialization/"><Attributes><Attribute z:Id="i2"><AttributeType>name</AttributeType><IsRequired>true</IsRequired><Value i:type="a:string" xmlns:a="http://www.w3.org/2001/XMLSchema">M8_bolt_base_link</Value></Attribute></Attributes><ChildElements><URDFElement z:Id="i3" i:type="Inertial"><Attributes/><ChildElements><URDFElement z:Id="i4" i:type="Origin"><Attributes><Attribute z:Id="i5"><AttributeType>xyz</AttributeType><IsRequired>true</IsRequired><Value i:type="a:ArrayOfdouble" xmlns:a="http://schemas.microsoft.com/2003/10/Serialization/Arrays"><a:double>0</a:double><a:double>0</a:double><a:double>0</a:double></Value></Attribute><Attribute z:Id="i6"><AttributeType>rpy</AttributeType><IsRequired>true</IsRequired><Value i:type="a:ArrayOfdouble" xmlns:a="http://schemas.microsoft.com/2003/10/Serialization/Arrays"><a:double>0</a:double><a:double>0</a:double><a:double>0</a:double></Value></Attribute></Attributes><ChildElements/><ElementName>origin</ElementName><required>false</required><RPYAttribute z:Ref="i6"/><XYZAttribute z:Ref="i5"/><isCustomized>false</isCustomized></URDFElement><URDFElement z:Id="i7" i:type="Mass"><Attributes><Attribute z:Id="i8"><AttributeType>value</AttributeType><IsRequired>true</IsRequired><Value i:type="a:double" xmlns:a="http://www.w3.org/2001/XMLSchema">0</Value></Attribute></Attributes><ChildElements/><ElementName>mass</ElementName><required>false</required><ValueAttribute z:Ref="i8"/></URDFElement><URDFElement z:Id="i9" i:type="Inertia"><Attributes><Attribute z:Id="i10"><AttributeType>ixx</AttributeType><IsRequired>true</IsRequired><Value i:type="a:double" xmlns:a="http://www.w3.org/2001/XMLSchema">0</Value></Attribute><Attribute z:Id="i11"><AttributeType>ixy</AttributeType><IsRequired>true</IsRequired><Value i:type="a:double" xmlns:a="http://www.w3.org/2001/XMLSchema">0</Value></Attribute><Attribute z:Id="i12"><AttributeType>ixz</AttributeType><IsRequired>true</IsRequired><Value i:type="a:double" xmlns:a="http://www.w3.org/2001/XMLSchema">0</Value></Attribute><Attribute z:Id="i13"><AttributeType>iyy</AttributeType><IsRequired>true</IsRequired><Value i:type="a:double" xmlns:a="http://www.w3.org/2001/XMLSchema">0</Value></Attribute><Attribute z:Id="i14"><AttributeType>iyz</AttributeType><IsRequired>true</IsRequired><Value i:type="a:double" xmlns:a="http://www.w3.org/2001/XMLSchema">0</Value></Attribute><Attribute z:Id="i15"><AttributeType>izz</AttributeType><IsRequired>true</IsRequired><Value i:type="a:double" xmlns:a="http://www.w3.org/2001/XMLSchema">0</Value></Attribute></Attributes><ChildElements/><ElementName>inertia</ElementName><required>false</required><IxxAttribute z:Ref="i10"/><IxyAttribute z:Ref="i11"/><IxzAttribute z:Ref="i12"/><IyyAttribute z:Ref="i13"/><IyzAttribute z:Ref="i14"/><IzzAttribute z:Ref="i15"/></URDFElement></ChildElements><ElementName>inertial</ElementName><required>false</required><Inertia z:Ref="i9"/><Mass z:Ref="i7"/><Origin z:Ref="i4"/></URDFElement><URDFElement z:Id="i16" i:type="Visual"><Attributes/><ChildElements><URDFElement z:Id="i17" i:type="Origin"><Attributes><Attribute z:Id="i18"><AttributeType>xyz</AttributeType><IsRequired>true</IsRequired><Value i:type="a:ArrayOfdouble" xmlns:a="http://schemas.microsoft.com/2003/10/Serialization/Arrays"><a:double>0</a:double><a:double>0</a:double><a:double>0</a:double></Value></Attribute><Attribute z:Id="i19"><AttributeType>rpy</AttributeType><IsRequired>true</IsRequired><Value i:type="a:ArrayOfdouble" xmlns:a="http://schemas.microsoft.com/2003/10/Serialization/Arrays"><a:double>0</a:double><a:double>0</a:double><a:double>0</a:double></Value></Attribute></Attributes><ChildElements/><ElementName>origin</ElementName><required>false</required><RPYAttribute z:Ref="i19"/><XYZAttribute z:Ref="i18"/><isCustomized>false</isCustomized></URDFElement><URDFElement z:Id="i20" i:type="Geometry"><Attributes/><ChildElements><URDFElement z:Id="i21" i:type="Mesh"><Attributes><Attribute z:Id="i22"><AttributeType>filename</AttributeType><IsRequired>true</IsRequired><Value i:nil="true"/></Attribute></Attributes><ChildElements/><ElementName>mesh</ElementName><required>false</required><FilenameAttribute z:Ref="i22"/></URDFElement></ChildElements><ElementName>geometry</ElementName><required>true</required><Mesh z:Ref="i21"/></URDFElement><URDFElement z:Id="i23" i:type="Material"><Attributes><Attribute z:Id="i24"><AttributeType>name</AttributeType><IsRequired>true</IsRequired><Value i:type="a:string" xmlns:a="http://www.w3.org/2001/XMLSchema"/></Attribute></Attributes><ChildElements><URDFElement z:Id="i25" i:type="Color"><Attributes><Attribute z:Id="i26"><AttributeType>rgba</AttributeType><IsRequired>true</IsRequired><Value i:type="a:ArrayOfdouble" xmlns:a="http://schemas.microsoft.com/2003/10/Serialization/Arrays"><a:double>1</a:double><a:double>1</a:double><a:double>1</a:double><a:double>1</a:double></Value></Attribute></Attributes><ChildElements/><ElementName>color</ElementName><required>false</required><RGBAAttribute z:Ref="i26"/></URDFElement><URDFElement z:Id="i27" i:type="Texture"><Attributes><Attribute z:Id="i28"><AttributeType>filename</AttributeType><IsRequired>true</IsRequired><Value i:nil="true"/></Attribute></Attributes><ChildElements/><ElementName>texture</ElementName><required>false</required><FilenameAttribute z:Ref="i28"/><wFilename/></URDFElement></ChildElements><ElementName>material</ElementName><required>false</required><Color z:Ref="i25"/><NameAttribute z:Ref="i24"/><Texture z:Ref="i27"/></URDFElement></ChildElements><ElementName>visual</ElementName><required>false</required><Geometry z:Ref="i20"/><Material z:Ref="i23"/><Origin z:Ref="i17"/></URDFElement><URDFElement z:Id="i29" i:type="Collision"><Attributes/><ChildElements><URDFElement z:Id="i30" i:type="Origin"><Attributes><Attribute z:Id="i31"><AttributeType>xyz</AttributeType><IsRequired>true</IsRequired><Value i:type="a:ArrayOfdouble" xmlns:a="http://schemas.microsoft.com/2003/10/Serialization/Arrays"><a:double>0</a:double><a:double>0</a:double><a:double>0</a:double></Value></Attribute><Attribute z:Id="i32"><AttributeType>rpy</AttributeType><IsRequired>true</IsRequired><Value i:type="a:ArrayOfdouble" xmlns:a="http://schemas.microsoft.com/2003/10/Serialization/Arrays"><a:double>0</a:double><a:double>0</a:double><a:double>0</a:double></Value></Attribute></Attributes><ChildElements/><ElementName>origin</ElementName><required>false</required><RPYAttribute z:Ref="i32"/><XYZAttribute z:Ref="i31"/><isCustomized>false</isCustomized></URDFElement><URDFElement z:Id="i33" i:type="Geometry"><Attributes/><ChildElements><URDFElement z:Id="i34" i:type="Mesh"><Attributes><Attribute z:Id="i35"><AttributeType>filename</AttributeType><IsRequired>true</IsRequired><Value i:nil="true"/></Attribute></Attributes><ChildElements/><ElementName>mesh</ElementName><required>false</required><FilenameAttribute z:Ref="i35"/></URDFElement></ChildElements><ElementName>geometry</ElementName><required>true</required><Mesh z:Ref="i34"/></URDFElement></ChildElements><ElementName>collision</ElementName><required>false</required><Geometry z:Ref="i33"/><Origin z:Ref="i30"/></URDFElement><URDFElement z:Id="i36" i:type="Joint"><Attributes><Attribute z:Id="i37"><AttributeType>name</AttributeType><IsRequired>true</IsRequired><Value i:type="a:string" xmlns:a="http://www.w3.org/2001/XMLSchema"/></Attribute><Attribute z:Id="i38"><AttributeType>type</AttributeType><IsRequired>true</IsRequired><Value i:type="a:string" xmlns:a="http://www.w3.org/2001/XMLSchema"/></Attribute></Attributes><ChildElements><URDFElement z:Id="i39" i:type="Origin"><Attributes><Attribute z:Id="i40"><AttributeType>xyz</AttributeType><IsRequired>true</IsRequired><Value i:type="a:ArrayOfdouble" xmlns:a="http://schemas.microsoft.com/2003/10/Serialization/Arrays"><a:double>0</a:double><a:double>0</a:double><a:double>0</a:double></Value></Attribute><Attribute z:Id="i41"><AttributeType>rpy</AttributeType><IsRequired>true</IsRequired><Value i:type="a:ArrayOfdouble" xmlns:a="http://schemas.microsoft.com/2003/10/Serialization/Arrays"><a:double>0</a:double><a:double>0</a:double><a:double>0</a:double></Value></Attribute></Attributes><ChildElements/><ElementName>origin</ElementName><required>false</required><RPYAttribute z:Ref="i41"/><XYZAttribute z:Ref="i40"/><isCustomized>false</isCustomized></URDFElement><URDFElement z:Id="i42" i:type="ParentLink"><Attributes><Attribute z:Id="i43"><AttributeType>link</AttributeType><IsRequired>true</IsRequired><Value i:type="a:string" xmlns:a="http://www.w3.org/2001/XMLSchema"/></Attribute></Attributes><ChildElements/><ElementName>parent</ElementName><required>true</required><NameAttribute z:Ref="i43"/></URDFElement><URDFElement z:Id="i44" i:type="ChildLink"><Attributes><Attribute z:Id="i45"><AttributeType>link</AttributeType><IsRequired>true</IsRequired><Value i:type="a:string" xmlns:a="http://www.w3.org/2001/XMLSchema"/></Attribute></Attributes><ChildElements/><ElementName>child</ElementName><required>true</required><NameAttribute z:Ref="i45"/></URDFElement><URDFElement z:Id="i46" i:type="Axis"><Attributes><Attribute z:Id="i47"><AttributeType>xyz</AttributeType><IsRequired>true</IsRequired><Value i:type="a:ArrayOfdouble" xmlns:a="http://schemas.microsoft.com/2003/10/Serialization/Arrays"><a:double>0</a:double><a:double>0</a:double><a:double>0</a:double></Value></Attribute></Attributes><ChildElements/><ElementName>axis</ElementName><required>false</required><XYZAttribute z:Ref="i47"/></URDFElement><URDFElement z:Id="i48" i:type="Limit"><Attributes><Attribute z:Id="i49"><AttributeType>lower</AttributeType><IsRequired>false</IsRequired><Value i:nil="true"/></Attribute><Attribute z:Id="i50"><AttributeType>upper</AttributeType><IsRequired>false</IsRequired><Value i:nil="true"/></Attribute><Attribute z:Id="i51"><AttributeType>effort</AttributeType><IsRequired>true</IsRequired><Value i:nil="true"/></Attribute><Attribute z:Id="i52"><AttributeType>velocity</AttributeType><IsRequired>true</IsRequired><Value i:nil="true"/></Attribute></Attributes><ChildElements/><ElementName>limit</ElementName><required>false</required><EffortAttribute z:Ref="i51"/><LowerAttribute z:Ref="i49"/><UpperAttribute z:Ref="i50"/><VelocityAttribute z:Ref="i52"/></URDFElement><URDFElement z:Id="i53" i:type="Calibration"><Attributes><Attribute z:Id="i54"><AttributeType>rising</AttributeType><IsRequired>false</IsRequired><Value i:nil="true"/></Attribute><Attribute z:Id="i55"><AttributeType>falling</AttributeType><IsRequired>false</IsRequired><Value i:nil="true"/></Attribute></Attributes><ChildElements/><ElementName>calibration</ElementName><required>false</required><FallingAttribute z:Ref="i55"/><RisingAttribute z:Ref="i54"/></URDFElement><URDFElement z:Id="i56" i:type="Dynamics"><Attributes><Attribute z:Id="i57"><AttributeType>damping</AttributeType><IsRequired>false</IsRequired><Value i:nil="true"/></Attribute><Attribute z:Id="i58"><AttributeType>friction</AttributeType><IsRequired>false</IsRequired><Value i:nil="true"/></Attribute></Attributes><ChildElements/><ElementName>dynamics</ElementName><required>false</required><DampingAttribute z:Ref="i57"/><FrictionAttribute z:Ref="i58"/></URDFElement><URDFElement z:Id="i59" i:type="SafetyController"><Attributes><Attribute z:Id="i60"><AttributeType>soft_upper_limit</AttributeType><IsRequired>false</IsRequired><Value i:nil="true"/></Attribute><Attribute z:Id="i61"><AttributeType>soft_lower_limit</AttributeType><IsRequired>false</IsRequired><Value i:nil="true"/></Attribute><Attribute z:Id="i62"><AttributeType>k_position</AttributeType><IsRequired>false</IsRequired><Value i:nil="true"/></Attribute><Attribute z:Id="i63"><AttributeType>k_velocity</AttributeType><IsRequired>true</IsRequired><Value i:nil="true"/></Attribute></Attributes><ChildElements/><ElementName>safety_controller</ElementName><required>false</required><KPositionAttribute z:Ref="i62"/><KVelocityAttribute z:Ref="i63"/><SoftLowerAttribute z:Ref="i61"/><SoftUpperAttribute z:Ref="i60"/></URDFElement><URDFElement z:Id="i64" i:type="Mimic"><Attributes><Attribute z:Id="i65"><AttributeType>joint</AttributeType><IsRequired>true</IsRequired><Value i:nil="true"/></Attribute><Attribute z:Id="i66"><AttributeType>multiplier</AttributeType><IsRequired>false</IsRequired><Value i:nil="true"/></Attribute><Attribute z:Id="i67"><AttributeType>offset</AttributeType><IsRequired>false</IsRequired><Value i:nil="true"/></Attribute></Attributes><ChildElements/><ElementName>mimic</ElementName><required>false</required><JointNameAttribute z:Ref="i65"/><MultiplierAttribute z:Ref="i66"/><OffsetAttribute z:Ref="i67"/></URDFElement></ChildElements><ElementName>joint</ElementName><required>false</required><Axis z:Ref="i46"/><AxisName/><Calibration z:Ref="i53"/><Child z:Ref="i44"/><CoordinateSystemName>?????????1</CoordinateSystemName><Dynamics z:Ref="i56"/><Limit z:Ref="i48"/><Mimic z:Ref="i64"/><NameAttribute z:Ref="i37"/><Origin z:Ref="i39"/><Parent z:Ref="i42"/><Safety z:Ref="i59"/><TypeAttribute z:Ref="i38"/></URDFElement></ChildElements><ElementName>link</ElementName><required>true</required><Children/><Collision z:Ref="i29"/><Inertial z:Ref="i3"/><Joint z:Ref="i36"/><NameAttribute z:Ref="i2"/><Parent i:nil="true"/><STLQualityFine>false</STLQualityFine><SWComponentPIDs xmlns:a="http://schemas.microsoft.com/2003/10/Serialization/Arrays"><a:base64Binary>sDYAAAUAAAD//v8LTQA4ALqHE2gtADEAQADFiE2RU08yAAQAAAAQAAAAAQAAAAEAAAARAAAA</a:base64Binary></SWComponentPIDs><SWMainComponentPID i:nil="true"/><Visual z:Ref="i16"/><isFixedFrame>false</isFixedFrame><isIncomplete>false</isIncomplete></Link>
2022-07-19 15:32:08,922 INFO  AssemblyExportForm.cs: 309 - Saving URDF package to C:\Users\t't\Desktop\soildworks\»»Ì×Í²\M8_bolt
2022-07-19 15:32:08,925 INFO  ExportHelper.cs: 147 - Beginning the export process
2022-07-19 15:32:08,929 INFO  ExportHelper.cs: 153 - Creating package directories with name M8_bolt and save path C:\Users\t't\Desktop\soildworks\»»Ì×Í²
2022-07-19 15:32:09,945 INFO  ExportHelper.cs: 162 - Creating CMakeLists.txt at C:\Users\t't\Desktop\soildworks\»»Ì×Í²\M8_bolt\CMakeLists.txt
2022-07-19 15:32:09,947 INFO  ExportHelper.cs: 166 - Creating joint names config at C:\Users\t't\Desktop\soildworks\»»Ì×Í²\M8_bolt\config\joint_names_M8_bolt.yaml
2022-07-19 15:32:09,950 INFO  ExportHelper.cs: 170 - Creating package.xml at C:\Users\t't\Desktop\soildworks\»»Ì×Í²\M8_bolt\package.xml
2022-07-19 15:32:09,952 INFO  PackageXMLWriter.cs: 21 - Creating package.xml at C:\Users\t't\Desktop\soildworks\»»Ì×Í²\M8_bolt\package.xml
2022-07-19 15:32:09,958 INFO  ExportHelper.cs: 177 - Creating RVIZ launch file in C:\Users\t't\Desktop\soildworks\»»Ì×Í²\M8_bolt\launch\
2022-07-19 15:32:09,963 INFO  ExportHelper.cs: 182 - Creating Gazebo launch file in C:\Users\t't\Desktop\soildworks\»»Ì×Í²\M8_bolt\launch\
2022-07-19 15:32:09,964 INFO  ExportHelper.cs: 187 - Saving existing STL preferences
2022-07-19 15:32:09,966 INFO  ExportHelper.cs: 450 - Saving users preferences
2022-07-19 15:32:09,967 INFO  ExportHelper.cs: 190 - Modifying STL preferences
2022-07-19 15:32:09,968 INFO  ExportHelper.cs: 464 - Setting STL preferences
2022-07-19 15:32:09,986 INFO  ExportHelper.cs: 196 - Found 0 hidden components 
2022-07-19 15:32:09,986 INFO  ExportHelper.cs: 197 - Hiding all components
2022-07-19 15:32:10,767 INFO  ExportHelper.cs: 204 - Beginning individual files export
2022-07-19 15:32:10,772 INFO  ExportHelper.cs: 270 - Exporting link: M8_bolt_base_link
2022-07-19 15:32:10,772 INFO  ExportHelper.cs: 272 - Link M8_bolt_base_link has 0 children
2022-07-19 15:32:10,774 INFO  ExportHelper.cs: 317 - M8_bolt_base_link: Exporting STL with coordinate frame ×ø±êÏµ1
2022-07-19 15:32:10,775 INFO  ExportHelper.cs: 322 - M8_bolt_base_link: Reference geometry name 
2022-07-19 15:32:10,963 INFO  ExportHelper.cs: 330 - Saving STL to C:\Users\t't\Desktop\soildworks\»»Ì×Í²\M8_bolt\meshes\M8_bolt_base_link.STL
2022-07-19 15:32:12,069 INFO  ExportHelper.cs: 405 - Removing SW header in STL file
2022-07-19 15:32:12,070 INFO  ExportHelper.cs: 145 - Showing all components except previously hidden components
2022-07-19 15:32:12,266 INFO  ExportHelper.cs: 145 - Resetting STL preferences
2022-07-19 15:32:12,276 INFO  ExportHelper.cs: 478 - Returning STL preferences to user preferences
2022-07-19 15:32:12,280 INFO  ExportHelper.cs: 228 - Writing URDF file to C:\Users\t't\Desktop\soildworks\»»Ì×Í²\M8_bolt\urdf\M8_bolt.urdf
2022-07-19 15:32:12,409 INFO  CSVImportExport.cs: 32 - Writing CSV file C:\Users\t't\Desktop\soildworks\»»Ì×Í²\M8_bolt\urdf\M8_bolt.csv
2022-07-19 15:32:12,460 ERROR CSVImportExport.cs: 130 - The following columns were not written to the CSV: Link.Joint.ChildLink.link,
2022-07-19 15:32:12,461 INFO  ExportHelper.cs: 234 - Copying log file
2022-07-19 15:32:12,466 INFO  ExportHelper.cs: 439 - Copying C:\Users\t't\sw2urdf_logs\sw2urdf.log to C:\Users\t't\Desktop\soildworks\»»Ì×Í²\M8_bolt\export.log
2022-07-19 15:32:12,467 INFO  ExportHelper.cs: 237 - Resetting STL preferences
2022-07-19 15:32:12,468 INFO  ExportHelper.cs: 478 - Returning STL preferences to user preferences
2022-07-19 15:34:29,225 INFO  SwAddin.cs: 294 - Assembly export called for file ×°ÅäÌå2
2022-07-19 15:34:29,227 INFO  SwAddin.cs: 299 - Save is required
2022-07-19 15:34:29,227 INFO  SwAddin.cs: 313 - Saving assembly
2022-07-19 15:34:29,228 INFO  SwAddin.cs: 316 - Opening property manager
2022-07-19 15:34:29,228 INFO  ExportHelperExtension.cs: 1125 - Retrieving features of type [CoordSys] from ×°ÅäÌå2
2022-07-19 15:34:29,229 INFO  ExportHelperExtension.cs: 1136 - Found 18 in ×°ÅäÌå2
2022-07-19 15:34:29,229 INFO  ExportHelperExtension.cs: 1145 - Found 1 features of type [CoordSys] in ×°ÅäÌå2
2022-07-19 15:34:29,230 INFO  ExportHelperExtension.cs: 1148 - Proceeding through assembly components
2022-07-19 15:34:29,230 INFO  ExportHelperExtension.cs: 1160 - 1 components to check
2022-07-19 15:34:29,231 INFO  ExportHelperExtension.cs: 1125 - Retrieving features of type [CoordSys] from M10ÂÝË¨-1
2022-07-19 15:34:29,232 INFO  ExportHelperExtension.cs: 1136 - Found 37 in M10ÂÝË¨-1
2022-07-19 15:34:29,232 INFO  ExportHelperExtension.cs: 1145 - Found 0 features of type [CoordSys] in M10ÂÝË¨-1
2022-07-19 15:34:29,233 INFO  ExportHelperExtension.cs: 1125 - Retrieving features of type [RefAxis] from ×°ÅäÌå2
2022-07-19 15:34:29,233 INFO  ExportHelperExtension.cs: 1136 - Found 18 in ×°ÅäÌå2
2022-07-19 15:34:29,234 INFO  ExportHelperExtension.cs: 1145 - Found 0 features of type [RefAxis] in ×°ÅäÌå2
2022-07-19 15:34:29,235 INFO  ExportHelperExtension.cs: 1148 - Proceeding through assembly components
2022-07-19 15:34:29,235 INFO  ExportHelperExtension.cs: 1160 - 1 components to check
2022-07-19 15:34:29,235 INFO  ExportHelperExtension.cs: 1125 - Retrieving features of type [RefAxis] from M10ÂÝË¨-1
2022-07-19 15:34:29,236 INFO  ExportHelperExtension.cs: 1136 - Found 37 in M10ÂÝË¨-1
2022-07-19 15:34:29,236 INFO  ExportHelperExtension.cs: 1145 - Found 0 features of type [RefAxis] in M10ÂÝË¨-1
2022-07-19 15:34:29,922 INFO  SwAddin.cs: 339 - Loading config tree
2022-07-19 15:34:29,922 INFO  ExportPropertyManagerExtension.cs: 520 - Starting new configuration
2022-07-19 15:34:29,925 INFO  SwAddin.cs: 344 - Showing property manager
2022-07-19 15:34:46,226 INFO  ExportPropertyManager.cs: 1018 - OnComboboxSelectionChanged called. This method no longer throws an Exception. It just silently does nothing. Ok, except for this logging message
2022-07-19 15:34:47,808 INFO  ExportPropertyManager.cs: 1018 - OnComboboxSelectionChanged called. This method no longer throws an Exception. It just silently does nothing. Ok, except for this logging message
2022-07-19 15:34:50,412 INFO  ExportPropertyManager.cs: 422 - Configuration saved
2022-07-19 15:34:50,859 INFO  ExportHelperExtension.cs: 1125 - Retrieving features of type [CoordSys] from ×°ÅäÌå2
2022-07-19 15:34:50,860 INFO  ExportHelperExtension.cs: 1136 - Found 19 in ×°ÅäÌå2
2022-07-19 15:34:50,861 INFO  ExportHelperExtension.cs: 1145 - Found 1 features of type [CoordSys] in ×°ÅäÌå2
2022-07-19 15:34:50,862 INFO  ExportHelperExtension.cs: 1148 - Proceeding through assembly components
2022-07-19 15:34:50,862 INFO  ExportHelperExtension.cs: 1160 - 1 components to check
2022-07-19 15:34:50,863 INFO  ExportHelperExtension.cs: 1125 - Retrieving features of type [CoordSys] from M10ÂÝË¨-1
2022-07-19 15:34:50,863 INFO  ExportHelperExtension.cs: 1136 - Found 37 in M10ÂÝË¨-1
2022-07-19 15:34:50,864 INFO  ExportHelperExtension.cs: 1145 - Found 0 features of type [CoordSys] in M10ÂÝË¨-1
2022-07-19 15:34:50,864 INFO  ExportHelperExtension.cs: 1125 - Retrieving features of type [RefAxis] from ×°ÅäÌå2
2022-07-19 15:34:50,873 INFO  ExportHelperExtension.cs: 1136 - Found 19 in ×°ÅäÌå2
2022-07-19 15:34:50,874 INFO  ExportHelperExtension.cs: 1145 - Found 0 features of type [RefAxis] in ×°ÅäÌå2
2022-07-19 15:34:50,875 INFO  ExportHelperExtension.cs: 1148 - Proceeding through assembly components
2022-07-19 15:34:50,875 INFO  ExportHelperExtension.cs: 1160 - 1 components to check
2022-07-19 15:34:50,876 INFO  ExportHelperExtension.cs: 1125 - Retrieving features of type [RefAxis] from M10ÂÝË¨-1
2022-07-19 15:34:50,876 INFO  ExportHelperExtension.cs: 1136 - Found 37 in M10ÂÝË¨-1
2022-07-19 15:34:50,877 INFO  ExportHelperExtension.cs: 1145 - Found 0 features of type [RefAxis] in M10ÂÝË¨-1
2022-07-19 15:34:50,931 INFO  ExportPropertyManager.cs: 1142 - AfterClose called. This method no longer throws an Exception. It just silently does nothing. Ok, except for this logging message
2022-07-19 15:34:53,977 INFO  AssemblyExportForm.cs: 253 - Completing URDF export
2022-07-19 15:34:53,979 INFO  ConfigurationSerialization.cs: 276 - URDF Configuration found
<Link z:Id="i1" xmlns="http://schemas.datacontract.org/2004/07/SW2URDF" xmlns:i="http://www.w3.org/2001/XMLSchema-instance" xmlns:z="http://schemas.microsoft.com/2003/10/Serialization/"><Attributes><Attribute z:Id="i2"><AttributeType>name</AttributeType><IsRequired>true</IsRequired><Value i:type="a:string" xmlns:a="http://www.w3.org/2001/XMLSchema">M10_bolt_base_link</Value></Attribute></Attributes><ChildElements><URDFElement z:Id="i3" i:type="Inertial"><Attributes/><ChildElements><URDFElement z:Id="i4" i:type="Origin"><Attributes><Attribute z:Id="i5"><AttributeType>xyz</AttributeType><IsRequired>true</IsRequired><Value i:type="a:ArrayOfdouble" xmlns:a="http://schemas.microsoft.com/2003/10/Serialization/Arrays"><a:double>0</a:double><a:double>0</a:double><a:double>0</a:double></Value></Attribute><Attribute z:Id="i6"><AttributeType>rpy</AttributeType><IsRequired>true</IsRequired><Value i:type="a:ArrayOfdouble" xmlns:a="http://schemas.microsoft.com/2003/10/Serialization/Arrays"><a:double>0</a:double><a:double>0</a:double><a:double>0</a:double></Value></Attribute></Attributes><ChildElements/><ElementName>origin</ElementName><required>false</required><RPYAttribute z:Ref="i6"/><XYZAttribute z:Ref="i5"/><isCustomized>false</isCustomized></URDFElement><URDFElement z:Id="i7" i:type="Mass"><Attributes><Attribute z:Id="i8"><AttributeType>value</AttributeType><IsRequired>true</IsRequired><Value i:type="a:double" xmlns:a="http://www.w3.org/2001/XMLSchema">0</Value></Attribute></Attributes><ChildElements/><ElementName>mass</ElementName><required>false</required><ValueAttribute z:Ref="i8"/></URDFElement><URDFElement z:Id="i9" i:type="Inertia"><Attributes><Attribute z:Id="i10"><AttributeType>ixx</AttributeType><IsRequired>true</IsRequired><Value i:type="a:double" xmlns:a="http://www.w3.org/2001/XMLSchema">0</Value></Attribute><Attribute z:Id="i11"><AttributeType>ixy</AttributeType><IsRequired>true</IsRequired><Value i:type="a:double" xmlns:a="http://www.w3.org/2001/XMLSchema">0</Value></Attribute><Attribute z:Id="i12"><AttributeType>ixz</AttributeType><IsRequired>true</IsRequired><Value i:type="a:double" xmlns:a="http://www.w3.org/2001/XMLSchema">0</Value></Attribute><Attribute z:Id="i13"><AttributeType>iyy</AttributeType><IsRequired>true</IsRequired><Value i:type="a:double" xmlns:a="http://www.w3.org/2001/XMLSchema">0</Value></Attribute><Attribute z:Id="i14"><AttributeType>iyz</AttributeType><IsRequired>true</IsRequired><Value i:type="a:double" xmlns:a="http://www.w3.org/2001/XMLSchema">0</Value></Attribute><Attribute z:Id="i15"><AttributeType>izz</AttributeType><IsRequired>true</IsRequired><Value i:type="a:double" xmlns:a="http://www.w3.org/2001/XMLSchema">0</Value></Attribute></Attributes><ChildElements/><ElementName>inertia</ElementName><required>false</required><IxxAttribute z:Ref="i10"/><IxyAttribute z:Ref="i11"/><IxzAttribute z:Ref="i12"/><IyyAttribute z:Ref="i13"/><IyzAttribute z:Ref="i14"/><IzzAttribute z:Ref="i15"/></URDFElement></ChildElements><ElementName>inertial</ElementName><required>false</required><Inertia z:Ref="i9"/><Mass z:Ref="i7"/><Origin z:Ref="i4"/></URDFElement><URDFElement z:Id="i16" i:type="Visual"><Attributes/><ChildElements><URDFElement z:Id="i17" i:type="Origin"><Attributes><Attribute z:Id="i18"><AttributeType>xyz</AttributeType><IsRequired>true</IsRequired><Value i:type="a:ArrayOfdouble" xmlns:a="http://schemas.microsoft.com/2003/10/Serialization/Arrays"><a:double>0</a:double><a:double>0</a:double><a:double>0</a:double></Value></Attribute><Attribute z:Id="i19"><AttributeType>rpy</AttributeType><IsRequired>true</IsRequired><Value i:type="a:ArrayOfdouble" xmlns:a="http://schemas.microsoft.com/2003/10/Serialization/Arrays"><a:double>0</a:double><a:double>0</a:double><a:double>0</a:double></Value></Attribute></Attributes><ChildElements/><ElementName>origin</ElementName><required>false</required><RPYAttribute z:Ref="i19"/><XYZAttribute z:Ref="i18"/><isCustomized>false</isCustomized></URDFElement><URDFElement z:Id="i20" i:type="Geometry"><Attributes/><ChildElements><URDFElement z:Id="i21" i:type="Mesh"><Attributes><Attribute z:Id="i22"><AttributeType>filename</AttributeType><IsRequired>true</IsRequired><Value i:nil="true"/></Attribute></Attributes><ChildElements/><ElementName>mesh</ElementName><required>false</required><FilenameAttribute z:Ref="i22"/></URDFElement></ChildElements><ElementName>geometry</ElementName><required>true</required><Mesh z:Ref="i21"/></URDFElement><URDFElement z:Id="i23" i:type="Material"><Attributes><Attribute z:Id="i24"><AttributeType>name</AttributeType><IsRequired>true</IsRequired><Value i:type="a:string" xmlns:a="http://www.w3.org/2001/XMLSchema"/></Attribute></Attributes><ChildElements><URDFElement z:Id="i25" i:type="Color"><Attributes><Attribute z:Id="i26"><AttributeType>rgba</AttributeType><IsRequired>true</IsRequired><Value i:type="a:ArrayOfdouble" xmlns:a="http://schemas.microsoft.com/2003/10/Serialization/Arrays"><a:double>1</a:double><a:double>1</a:double><a:double>1</a:double><a:double>1</a:double></Value></Attribute></Attributes><ChildElements/><ElementName>color</ElementName><required>false</required><RGBAAttribute z:Ref="i26"/></URDFElement><URDFElement z:Id="i27" i:type="Texture"><Attributes><Attribute z:Id="i28"><AttributeType>filename</AttributeType><IsRequired>true</IsRequired><Value i:nil="true"/></Attribute></Attributes><ChildElements/><ElementName>texture</ElementName><required>false</required><FilenameAttribute z:Ref="i28"/><wFilename/></URDFElement></ChildElements><ElementName>material</ElementName><required>false</required><Color z:Ref="i25"/><NameAttribute z:Ref="i24"/><Texture z:Ref="i27"/></URDFElement></ChildElements><ElementName>visual</ElementName><required>false</required><Geometry z:Ref="i20"/><Material z:Ref="i23"/><Origin z:Ref="i17"/></URDFElement><URDFElement z:Id="i29" i:type="Collision"><Attributes/><ChildElements><URDFElement z:Id="i30" i:type="Origin"><Attributes><Attribute z:Id="i31"><AttributeType>xyz</AttributeType><IsRequired>true</IsRequired><Value i:type="a:ArrayOfdouble" xmlns:a="http://schemas.microsoft.com/2003/10/Serialization/Arrays"><a:double>0</a:double><a:double>0</a:double><a:double>0</a:double></Value></Attribute><Attribute z:Id="i32"><AttributeType>rpy</AttributeType><IsRequired>true</IsRequired><Value i:type="a:ArrayOfdouble" xmlns:a="http://schemas.microsoft.com/2003/10/Serialization/Arrays"><a:double>0</a:double><a:double>0</a:double><a:double>0</a:double></Value></Attribute></Attributes><ChildElements/><ElementName>origin</ElementName><required>false</required><RPYAttribute z:Ref="i32"/><XYZAttribute z:Ref="i31"/><isCustomized>false</isCustomized></URDFElement><URDFElement z:Id="i33" i:type="Geometry"><Attributes/><ChildElements><URDFElement z:Id="i34" i:type="Mesh"><Attributes><Attribute z:Id="i35"><AttributeType>filename</AttributeType><IsRequired>true</IsRequired><Value i:nil="true"/></Attribute></Attributes><ChildElements/><ElementName>mesh</ElementName><required>false</required><FilenameAttribute z:Ref="i35"/></URDFElement></ChildElements><ElementName>geometry</ElementName><required>true</required><Mesh z:Ref="i34"/></URDFElement></ChildElements><ElementName>collision</ElementName><required>false</required><Geometry z:Ref="i33"/><Origin z:Ref="i30"/></URDFElement><URDFElement z:Id="i36" i:type="Joint"><Attributes><Attribute z:Id="i37"><AttributeType>name</AttributeType><IsRequired>true</IsRequired><Value i:type="a:string" xmlns:a="http://www.w3.org/2001/XMLSchema"/></Attribute><Attribute z:Id="i38"><AttributeType>type</AttributeType><IsRequired>true</IsRequired><Value i:type="a:string" xmlns:a="http://www.w3.org/2001/XMLSchema"/></Attribute></Attributes><ChildElements><URDFElement z:Id="i39" i:type="Origin"><Attributes><Attribute z:Id="i40"><AttributeType>xyz</AttributeType><IsRequired>true</IsRequired><Value i:type="a:ArrayOfdouble" xmlns:a="http://schemas.microsoft.com/2003/10/Serialization/Arrays"><a:double>0</a:double><a:double>0</a:double><a:double>0</a:double></Value></Attribute><Attribute z:Id="i41"><AttributeType>rpy</AttributeType><IsRequired>true</IsRequired><Value i:type="a:ArrayOfdouble" xmlns:a="http://schemas.microsoft.com/2003/10/Serialization/Arrays"><a:double>0</a:double><a:double>0</a:double><a:double>0</a:double></Value></Attribute></Attributes><ChildElements/><ElementName>origin</ElementName><required>false</required><RPYAttribute z:Ref="i41"/><XYZAttribute z:Ref="i40"/><isCustomized>false</isCustomized></URDFElement><URDFElement z:Id="i42" i:type="ParentLink"><Attributes><Attribute z:Id="i43"><AttributeType>link</AttributeType><IsRequired>true</IsRequired><Value i:type="a:string" xmlns:a="http://www.w3.org/2001/XMLSchema"/></Attribute></Attributes><ChildElements/><ElementName>parent</ElementName><required>true</required><NameAttribute z:Ref="i43"/></URDFElement><URDFElement z:Id="i44" i:type="ChildLink"><Attributes><Attribute z:Id="i45"><AttributeType>link</AttributeType><IsRequired>true</IsRequired><Value i:type="a:string" xmlns:a="http://www.w3.org/2001/XMLSchema"/></Attribute></Attributes><ChildElements/><ElementName>child</ElementName><required>true</required><NameAttribute z:Ref="i45"/></URDFElement><URDFElement z:Id="i46" i:type="Axis"><Attributes><Attribute z:Id="i47"><AttributeType>xyz</AttributeType><IsRequired>true</IsRequired><Value i:type="a:ArrayOfdouble" xmlns:a="http://schemas.microsoft.com/2003/10/Serialization/Arrays"><a:double>0</a:double><a:double>0</a:double><a:double>0</a:double></Value></Attribute></Attributes><ChildElements/><ElementName>axis</ElementName><required>false</required><XYZAttribute z:Ref="i47"/></URDFElement><URDFElement z:Id="i48" i:type="Limit"><Attributes><Attribute z:Id="i49"><AttributeType>lower</AttributeType><IsRequired>false</IsRequired><Value i:nil="true"/></Attribute><Attribute z:Id="i50"><AttributeType>upper</AttributeType><IsRequired>false</IsRequired><Value i:nil="true"/></Attribute><Attribute z:Id="i51"><AttributeType>effort</AttributeType><IsRequired>true</IsRequired><Value i:nil="true"/></Attribute><Attribute z:Id="i52"><AttributeType>velocity</AttributeType><IsRequired>true</IsRequired><Value i:nil="true"/></Attribute></Attributes><ChildElements/><ElementName>limit</ElementName><required>false</required><EffortAttribute z:Ref="i51"/><LowerAttribute z:Ref="i49"/><UpperAttribute z:Ref="i50"/><VelocityAttribute z:Ref="i52"/></URDFElement><URDFElement z:Id="i53" i:type="Calibration"><Attributes><Attribute z:Id="i54"><AttributeType>rising</AttributeType><IsRequired>false</IsRequired><Value i:nil="true"/></Attribute><Attribute z:Id="i55"><AttributeType>falling</AttributeType><IsRequired>false</IsRequired><Value i:nil="true"/></Attribute></Attributes><ChildElements/><ElementName>calibration</ElementName><required>false</required><FallingAttribute z:Ref="i55"/><RisingAttribute z:Ref="i54"/></URDFElement><URDFElement z:Id="i56" i:type="Dynamics"><Attributes><Attribute z:Id="i57"><AttributeType>damping</AttributeType><IsRequired>false</IsRequired><Value i:nil="true"/></Attribute><Attribute z:Id="i58"><AttributeType>friction</AttributeType><IsRequired>false</IsRequired><Value i:nil="true"/></Attribute></Attributes><ChildElements/><ElementName>dynamics</ElementName><required>false</required><DampingAttribute z:Ref="i57"/><FrictionAttribute z:Ref="i58"/></URDFElement><URDFElement z:Id="i59" i:type="SafetyController"><Attributes><Attribute z:Id="i60"><AttributeType>soft_upper_limit</AttributeType><IsRequired>false</IsRequired><Value i:nil="true"/></Attribute><Attribute z:Id="i61"><AttributeType>soft_lower_limit</AttributeType><IsRequired>false</IsRequired><Value i:nil="true"/></Attribute><Attribute z:Id="i62"><AttributeType>k_position</AttributeType><IsRequired>false</IsRequired><Value i:nil="true"/></Attribute><Attribute z:Id="i63"><AttributeType>k_velocity</AttributeType><IsRequired>true</IsRequired><Value i:nil="true"/></Attribute></Attributes><ChildElements/><ElementName>safety_controller</ElementName><required>false</required><KPositionAttribute z:Ref="i62"/><KVelocityAttribute z:Ref="i63"/><SoftLowerAttribute z:Ref="i61"/><SoftUpperAttribute z:Ref="i60"/></URDFElement><URDFElement z:Id="i64" i:type="Mimic"><Attributes><Attribute z:Id="i65"><AttributeType>joint</AttributeType><IsRequired>true</IsRequired><Value i:nil="true"/></Attribute><Attribute z:Id="i66"><AttributeType>multiplier</AttributeType><IsRequired>false</IsRequired><Value i:nil="true"/></Attribute><Attribute z:Id="i67"><AttributeType>offset</AttributeType><IsRequired>false</IsRequired><Value i:nil="true"/></Attribute></Attributes><ChildElements/><ElementName>mimic</ElementName><required>false</required><JointNameAttribute z:Ref="i65"/><MultiplierAttribute z:Ref="i66"/><OffsetAttribute z:Ref="i67"/></URDFElement></ChildElements><ElementName>joint</ElementName><required>false</required><Axis z:Ref="i46"/><AxisName/><Calibration z:Ref="i53"/><Child z:Ref="i44"/><CoordinateSystemName>?????????2</CoordinateSystemName><Dynamics z:Ref="i56"/><Limit z:Ref="i48"/><Mimic z:Ref="i64"/><NameAttribute z:Ref="i37"/><Origin z:Ref="i39"/><Parent z:Ref="i42"/><Safety z:Ref="i59"/><TypeAttribute z:Ref="i38"/></URDFElement></ChildElements><ElementName>link</ElementName><required>true</required><Children/><Collision z:Ref="i29"/><Inertial z:Ref="i3"/><Joint z:Ref="i36"/><NameAttribute z:Ref="i2"/><Parent i:nil="true"/><STLQualityFine>false</STLQualityFine><SWComponentPIDs xmlns:a="http://schemas.microsoft.com/2003/10/Serialization/Arrays"><a:base64Binary>sDYAAAUAAAD//v8MTQAxADAAuocTaC0AMQBAAMWITZFTTzIABAAAABAAAAABAAAAAQAAABUAAAA=</a:base64Binary></SWComponentPIDs><SWMainComponentPID i:nil="true"/><Visual z:Ref="i16"/><isFixedFrame>false</isFixedFrame><isIncomplete>false</isIncomplete></Link>
2022-07-19 15:35:10,503 INFO  AssemblyExportForm.cs: 309 - Saving URDF package to C:\Users\t't\Desktop\soildworks\»»Ì×Í²\M10_bolt
2022-07-19 15:35:10,503 INFO  ExportHelper.cs: 147 - Beginning the export process
2022-07-19 15:35:10,507 INFO  ExportHelper.cs: 153 - Creating package directories with name M10_bolt and save path C:\Users\t't\Desktop\soildworks\»»Ì×Í²
2022-07-19 15:35:11,536 INFO  ExportHelper.cs: 162 - Creating CMakeLists.txt at C:\Users\t't\Desktop\soildworks\»»Ì×Í²\M10_bolt\CMakeLists.txt
2022-07-19 15:35:11,538 INFO  ExportHelper.cs: 166 - Creating joint names config at C:\Users\t't\Desktop\soildworks\»»Ì×Í²\M10_bolt\config\joint_names_M10_bolt.yaml
2022-07-19 15:35:11,539 INFO  ExportHelper.cs: 170 - Creating package.xml at C:\Users\t't\Desktop\soildworks\»»Ì×Í²\M10_bolt\package.xml
2022-07-19 15:35:11,539 INFO  PackageXMLWriter.cs: 21 - Creating package.xml at C:\Users\t't\Desktop\soildworks\»»Ì×Í²\M10_bolt\package.xml
2022-07-19 15:35:11,540 INFO  ExportHelper.cs: 177 - Creating RVIZ launch file in C:\Users\t't\Desktop\soildworks\»»Ì×Í²\M10_bolt\launch\
2022-07-19 15:35:11,542 INFO  ExportHelper.cs: 182 - Creating Gazebo launch file in C:\Users\t't\Desktop\soildworks\»»Ì×Í²\M10_bolt\launch\
2022-07-19 15:35:11,543 INFO  ExportHelper.cs: 187 - Saving existing STL preferences
2022-07-19 15:35:11,544 INFO  ExportHelper.cs: 450 - Saving users preferences
2022-07-19 15:35:11,544 INFO  ExportHelper.cs: 190 - Modifying STL preferences
2022-07-19 15:35:11,545 INFO  ExportHelper.cs: 464 - Setting STL preferences
2022-07-19 15:35:11,546 INFO  ExportHelper.cs: 196 - Found 0 hidden components 
2022-07-19 15:35:11,547 INFO  ExportHelper.cs: 197 - Hiding all components
2022-07-19 15:35:12,012 INFO  ExportHelper.cs: 204 - Beginning individual files export
2022-07-19 15:35:12,015 INFO  ExportHelper.cs: 270 - Exporting link: M10_bolt_base_link
2022-07-19 15:35:12,016 INFO  ExportHelper.cs: 272 - Link M10_bolt_base_link has 0 children
2022-07-19 15:35:12,017 INFO  ExportHelper.cs: 317 - M10_bolt_base_link: Exporting STL with coordinate frame ×ø±êÏµ2
2022-07-19 15:35:12,017 INFO  ExportHelper.cs: 322 - M10_bolt_base_link: Reference geometry name 
2022-07-19 15:35:12,170 INFO  ExportHelper.cs: 330 - Saving STL to C:\Users\t't\Desktop\soildworks\»»Ì×Í²\M10_bolt\meshes\M10_bolt_base_link.STL
2022-07-19 15:35:12,547 INFO  ExportHelper.cs: 405 - Removing SW header in STL file
2022-07-19 15:35:12,548 INFO  ExportHelper.cs: 145 - Showing all components except previously hidden components
2022-07-19 15:35:12,701 INFO  ExportHelper.cs: 145 - Resetting STL preferences
2022-07-19 15:35:12,701 INFO  ExportHelper.cs: 478 - Returning STL preferences to user preferences
2022-07-19 15:35:12,702 INFO  ExportHelper.cs: 228 - Writing URDF file to C:\Users\t't\Desktop\soildworks\»»Ì×Í²\M10_bolt\urdf\M10_bolt.urdf
2022-07-19 15:35:12,704 INFO  CSVImportExport.cs: 32 - Writing CSV file C:\Users\t't\Desktop\soildworks\»»Ì×Í²\M10_bolt\urdf\M10_bolt.csv
2022-07-19 15:35:12,706 ERROR CSVImportExport.cs: 130 - The following columns were not written to the CSV: Link.Joint.ChildLink.link,
2022-07-19 15:35:12,707 INFO  ExportHelper.cs: 234 - Copying log file
2022-07-19 15:35:12,707 INFO  ExportHelper.cs: 439 - Copying C:\Users\t't\sw2urdf_logs\sw2urdf.log to C:\Users\t't\Desktop\soildworks\»»Ì×Í²\M10_bolt\export.log
