2022-07-17 17:33:51,868 INFO  Logger.cs: 70 - 
--------------------------------------------------------------------------------
2022-07-17 17:33:51,901 INFO  Logger.cs: 71 - Logging commencing for SW2URDF exporter
2022-07-17 17:33:51,902 INFO  Logger.cs: 73 - Commit version 1.6.0-4-g7f85cfe
2022-07-17 17:33:51,903 INFO  Logger.cs: 74 - Build version 1.6.7995.38578
2022-07-17 17:33:51,916 INFO  SwAddin.cs: 192 - Attempting to connect to SW
2022-07-17 17:33:51,917 INFO  SwAddin.cs: 197 - Setting up callbacks
2022-07-17 17:33:51,918 INFO  SwAddin.cs: 201 - Setting up command manager
2022-07-17 17:33:51,919 INFO  SwAddin.cs: 204 - Adding command manager
2022-07-17 17:33:51,922 INFO  SwAddin.cs: 263 - Adding Assembly export to file menu
2022-07-17 17:33:51,924 INFO  SwAddin.cs: 272 - Adding Part export to file menu
2022-07-17 17:33:51,924 INFO  SwAddin.cs: 210 - Adding event handlers
2022-07-17 17:33:52,146 INFO  SwAddin.cs: 217 - Connecting plugin to SolidWorks
2022-07-17 20:36:24,554 INFO  SwAddin.cs: 294 - Assembly export called for file 内六角.SLDASM
2022-07-17 20:36:24,569 INFO  SwAddin.cs: 299 - Save is required
2022-07-17 20:36:24,569 INFO  SwAddin.cs: 313 - Saving assembly
2022-07-17 20:36:25,194 INFO  SwAddin.cs: 316 - Opening property manager
2022-07-17 20:36:25,421 INFO  ExportHelperExtension.cs: 1125 - Retrieving features of type [CoordSys] from 内六角.SLDASM
2022-07-17 20:36:25,544 INFO  ExportHelperExtension.cs: 1136 - Found 29 in 内六角.SLDASM
2022-07-17 20:36:25,545 INFO  ExportHelperExtension.cs: 1145 - Found 1 features of type [CoordSys] in 内六角.SLDASM
2022-07-17 20:36:25,545 INFO  ExportHelperExtension.cs: 1148 - Proceeding through assembly components
2022-07-17 20:36:25,563 INFO  ExportHelperExtension.cs: 1160 - 2 components to check
2022-07-17 20:36:25,565 INFO  ExportHelperExtension.cs: 1125 - Retrieving features of type [CoordSys] from 批头套筒（十字）(1)-1
2022-07-17 20:36:25,565 INFO  ExportHelperExtension.cs: 1136 - Found 41 in 批头套筒（十字）(1)-1
2022-07-17 20:36:25,565 INFO  ExportHelperExtension.cs: 1145 - Found 0 features of type [CoordSys] in 批头套筒（十字）(1)-1
2022-07-17 20:36:25,566 INFO  ExportHelperExtension.cs: 1125 - Retrieving features of type [CoordSys] from 六角批头(1)-1
2022-07-17 20:36:25,567 INFO  ExportHelperExtension.cs: 1136 - Found 29 in 六角批头(1)-1
2022-07-17 20:36:25,567 INFO  ExportHelperExtension.cs: 1145 - Found 0 features of type [CoordSys] in 六角批头(1)-1
2022-07-17 20:36:25,568 INFO  ExportHelperExtension.cs: 1125 - Retrieving features of type [RefAxis] from 内六角.SLDASM
2022-07-17 20:36:25,568 INFO  ExportHelperExtension.cs: 1136 - Found 29 in 内六角.SLDASM
2022-07-17 20:36:25,569 INFO  ExportHelperExtension.cs: 1145 - Found 0 features of type [RefAxis] in 内六角.SLDASM
2022-07-17 20:36:25,569 INFO  ExportHelperExtension.cs: 1148 - Proceeding through assembly components
2022-07-17 20:36:25,570 INFO  ExportHelperExtension.cs: 1160 - 2 components to check
2022-07-17 20:36:25,570 INFO  ExportHelperExtension.cs: 1125 - Retrieving features of type [RefAxis] from 批头套筒（十字）(1)-1
2022-07-17 20:36:25,571 INFO  ExportHelperExtension.cs: 1136 - Found 41 in 批头套筒（十字）(1)-1
2022-07-17 20:36:25,572 INFO  ExportHelperExtension.cs: 1145 - Found 0 features of type [RefAxis] in 批头套筒（十字）(1)-1
2022-07-17 20:36:25,572 INFO  ExportHelperExtension.cs: 1125 - Retrieving features of type [RefAxis] from 六角批头(1)-1
2022-07-17 20:36:25,573 INFO  ExportHelperExtension.cs: 1136 - Found 29 in 六角批头(1)-1
2022-07-17 20:36:25,573 INFO  ExportHelperExtension.cs: 1145 - Found 0 features of type [RefAxis] in 六角批头(1)-1
2022-07-17 20:36:25,988 INFO  SwAddin.cs: 339 - Loading config tree
2022-07-17 20:36:25,998 INFO  ExportPropertyManagerExtension.cs: 520 - Starting new configuration
2022-07-17 20:36:26,002 INFO  SwAddin.cs: 344 - Showing property manager
2022-07-17 20:39:50,019 INFO  ExportPropertyManager.cs: 1018 - OnComboboxSelectionChanged called. This method no longer throws an Exception. It just silently does nothing. Ok, except for this logging message
2022-07-17 20:39:58,085 INFO  ExportPropertyManager.cs: 422 - Configuration saved
2022-07-17 20:39:59,064 INFO  ExportHelperExtension.cs: 1125 - Retrieving features of type [CoordSys] from 内六角.SLDASM
2022-07-17 20:39:59,105 INFO  ExportHelperExtension.cs: 1136 - Found 30 in 内六角.SLDASM
2022-07-17 20:39:59,105 INFO  ExportHelperExtension.cs: 1145 - Found 1 features of type [CoordSys] in 内六角.SLDASM
2022-07-17 20:39:59,106 INFO  ExportHelperExtension.cs: 1148 - Proceeding through assembly components
2022-07-17 20:39:59,106 INFO  ExportHelperExtension.cs: 1160 - 2 components to check
2022-07-17 20:39:59,107 INFO  ExportHelperExtension.cs: 1125 - Retrieving features of type [CoordSys] from 批头套筒（十字）(1)-1
2022-07-17 20:39:59,108 INFO  ExportHelperExtension.cs: 1136 - Found 41 in 批头套筒（十字）(1)-1
2022-07-17 20:39:59,108 INFO  ExportHelperExtension.cs: 1145 - Found 0 features of type [CoordSys] in 批头套筒（十字）(1)-1
2022-07-17 20:39:59,109 INFO  ExportHelperExtension.cs: 1125 - Retrieving features of type [CoordSys] from 六角批头(1)-1
2022-07-17 20:39:59,110 INFO  ExportHelperExtension.cs: 1136 - Found 29 in 六角批头(1)-1
2022-07-17 20:39:59,110 INFO  ExportHelperExtension.cs: 1145 - Found 0 features of type [CoordSys] in 六角批头(1)-1
2022-07-17 20:39:59,111 INFO  ExportHelperExtension.cs: 1125 - Retrieving features of type [RefAxis] from 内六角.SLDASM
2022-07-17 20:39:59,111 INFO  ExportHelperExtension.cs: 1136 - Found 30 in 内六角.SLDASM
2022-07-17 20:39:59,112 INFO  ExportHelperExtension.cs: 1145 - Found 0 features of type [RefAxis] in 内六角.SLDASM
2022-07-17 20:39:59,113 INFO  ExportHelperExtension.cs: 1148 - Proceeding through assembly components
2022-07-17 20:39:59,113 INFO  ExportHelperExtension.cs: 1160 - 2 components to check
2022-07-17 20:39:59,113 INFO  ExportHelperExtension.cs: 1125 - Retrieving features of type [RefAxis] from 批头套筒（十字）(1)-1
2022-07-17 20:39:59,114 INFO  ExportHelperExtension.cs: 1136 - Found 41 in 批头套筒（十字）(1)-1
2022-07-17 20:39:59,115 INFO  ExportHelperExtension.cs: 1145 - Found 0 features of type [RefAxis] in 批头套筒（十字）(1)-1
2022-07-17 20:39:59,115 INFO  ExportHelperExtension.cs: 1125 - Retrieving features of type [RefAxis] from 六角批头(1)-1
2022-07-17 20:39:59,116 INFO  ExportHelperExtension.cs: 1136 - Found 29 in 六角批头(1)-1
2022-07-17 20:39:59,116 INFO  ExportHelperExtension.cs: 1145 - Found 0 features of type [RefAxis] in 六角批头(1)-1
2022-07-17 20:39:59,316 INFO  ExportPropertyManager.cs: 1142 - AfterClose called. This method no longer throws an Exception. It just silently does nothing. Ok, except for this logging message
2022-07-17 21:24:52,205 INFO  SwAddin.cs: 294 - Assembly export called for file 内六角.SLDASM
2022-07-17 21:24:52,207 INFO  SwAddin.cs: 299 - Save is required
2022-07-17 21:24:52,207 INFO  SwAddin.cs: 313 - Saving assembly
2022-07-17 21:24:52,970 INFO  SwAddin.cs: 316 - Opening property manager
2022-07-17 21:24:52,971 INFO  ExportHelperExtension.cs: 1125 - Retrieving features of type [CoordSys] from 内六角.SLDASM
2022-07-17 21:24:52,971 INFO  ExportHelperExtension.cs: 1136 - Found 29 in 内六角.SLDASM
2022-07-17 21:24:52,973 INFO  ExportHelperExtension.cs: 1145 - Found 1 features of type [CoordSys] in 内六角.SLDASM
2022-07-17 21:24:52,973 INFO  ExportHelperExtension.cs: 1148 - Proceeding through assembly components
2022-07-17 21:24:52,974 INFO  ExportHelperExtension.cs: 1160 - 2 components to check
2022-07-17 21:24:52,974 INFO  ExportHelperExtension.cs: 1125 - Retrieving features of type [CoordSys] from 批头套筒（十字）(1)-1
2022-07-17 21:24:52,975 INFO  ExportHelperExtension.cs: 1136 - Found 41 in 批头套筒（十字）(1)-1
2022-07-17 21:24:52,976 INFO  ExportHelperExtension.cs: 1145 - Found 0 features of type [CoordSys] in 批头套筒（十字）(1)-1
2022-07-17 21:24:52,976 INFO  ExportHelperExtension.cs: 1125 - Retrieving features of type [CoordSys] from 六角批头(1)-1
2022-07-17 21:24:52,977 INFO  ExportHelperExtension.cs: 1136 - Found 29 in 六角批头(1)-1
2022-07-17 21:24:52,977 INFO  ExportHelperExtension.cs: 1145 - Found 0 features of type [CoordSys] in 六角批头(1)-1
2022-07-17 21:24:52,978 INFO  ExportHelperExtension.cs: 1125 - Retrieving features of type [RefAxis] from 内六角.SLDASM
2022-07-17 21:24:52,979 INFO  ExportHelperExtension.cs: 1136 - Found 29 in 内六角.SLDASM
2022-07-17 21:24:52,991 INFO  ExportHelperExtension.cs: 1145 - Found 0 features of type [RefAxis] in 内六角.SLDASM
2022-07-17 21:24:52,991 INFO  ExportHelperExtension.cs: 1148 - Proceeding through assembly components
2022-07-17 21:24:52,993 INFO  ExportHelperExtension.cs: 1160 - 2 components to check
2022-07-17 21:24:52,993 INFO  ExportHelperExtension.cs: 1125 - Retrieving features of type [RefAxis] from 批头套筒（十字）(1)-1
2022-07-17 21:24:52,994 INFO  ExportHelperExtension.cs: 1136 - Found 41 in 批头套筒（十字）(1)-1
2022-07-17 21:24:52,994 INFO  ExportHelperExtension.cs: 1145 - Found 0 features of type [RefAxis] in 批头套筒（十字）(1)-1
2022-07-17 21:24:52,995 INFO  ExportHelperExtension.cs: 1125 - Retrieving features of type [RefAxis] from 六角批头(1)-1
2022-07-17 21:24:52,995 INFO  ExportHelperExtension.cs: 1136 - Found 29 in 六角批头(1)-1
2022-07-17 21:24:52,996 INFO  ExportHelperExtension.cs: 1145 - Found 0 features of type [RefAxis] in 六角批头(1)-1
2022-07-17 21:24:53,254 INFO  SwAddin.cs: 339 - Loading config tree
2022-07-17 21:24:53,255 INFO  ExportPropertyManagerExtension.cs: 520 - Starting new configuration
2022-07-17 21:24:53,258 INFO  SwAddin.cs: 344 - Showing property manager
2022-07-17 21:25:39,598 INFO  ExportPropertyManager.cs: 1142 - AfterClose called. This method no longer throws an Exception. It just silently does nothing. Ok, except for this logging message
2022-07-17 21:25:51,776 INFO  SwAddin.cs: 294 - Assembly export called for file 内六角.SLDASM
2022-07-17 21:25:54,939 INFO  SwAddin.cs: 313 - Saving assembly
2022-07-17 21:25:55,045 INFO  SwAddin.cs: 316 - Opening property manager
2022-07-17 21:25:55,046 INFO  ExportHelperExtension.cs: 1125 - Retrieving features of type [CoordSys] from 内六角.SLDASM
2022-07-17 21:25:55,047 INFO  ExportHelperExtension.cs: 1136 - Found 29 in 内六角.SLDASM
2022-07-17 21:25:55,047 INFO  ExportHelperExtension.cs: 1145 - Found 1 features of type [CoordSys] in 内六角.SLDASM
2022-07-17 21:25:55,048 INFO  ExportHelperExtension.cs: 1148 - Proceeding through assembly components
2022-07-17 21:25:55,048 INFO  ExportHelperExtension.cs: 1160 - 2 components to check
2022-07-17 21:25:55,049 INFO  ExportHelperExtension.cs: 1125 - Retrieving features of type [CoordSys] from 批头套筒（十字）(1)-1
2022-07-17 21:25:55,049 INFO  ExportHelperExtension.cs: 1136 - Found 41 in 批头套筒（十字）(1)-1
2022-07-17 21:25:55,050 INFO  ExportHelperExtension.cs: 1145 - Found 0 features of type [CoordSys] in 批头套筒（十字）(1)-1
2022-07-17 21:25:55,051 INFO  ExportHelperExtension.cs: 1125 - Retrieving features of type [CoordSys] from 六角批头(1)-1
2022-07-17 21:25:55,052 INFO  ExportHelperExtension.cs: 1136 - Found 29 in 六角批头(1)-1
2022-07-17 21:25:55,054 INFO  ExportHelperExtension.cs: 1145 - Found 0 features of type [CoordSys] in 六角批头(1)-1
2022-07-17 21:25:55,055 INFO  ExportHelperExtension.cs: 1125 - Retrieving features of type [RefAxis] from 内六角.SLDASM
2022-07-17 21:25:55,069 INFO  ExportHelperExtension.cs: 1136 - Found 29 in 内六角.SLDASM
2022-07-17 21:25:55,070 INFO  ExportHelperExtension.cs: 1145 - Found 0 features of type [RefAxis] in 内六角.SLDASM
2022-07-17 21:25:55,071 INFO  ExportHelperExtension.cs: 1148 - Proceeding through assembly components
2022-07-17 21:25:55,155 INFO  ExportHelperExtension.cs: 1160 - 2 components to check
2022-07-17 21:25:55,156 INFO  ExportHelperExtension.cs: 1125 - Retrieving features of type [RefAxis] from 批头套筒（十字）(1)-1
2022-07-17 21:25:55,157 INFO  ExportHelperExtension.cs: 1136 - Found 41 in 批头套筒（十字）(1)-1
2022-07-17 21:25:55,158 INFO  ExportHelperExtension.cs: 1145 - Found 0 features of type [RefAxis] in 批头套筒（十字）(1)-1
2022-07-17 21:25:55,158 INFO  ExportHelperExtension.cs: 1125 - Retrieving features of type [RefAxis] from 六角批头(1)-1
2022-07-17 21:25:55,159 INFO  ExportHelperExtension.cs: 1136 - Found 29 in 六角批头(1)-1
2022-07-17 21:25:55,160 INFO  ExportHelperExtension.cs: 1145 - Found 0 features of type [RefAxis] in 六角批头(1)-1
2022-07-17 21:25:55,450 INFO  SwAddin.cs: 339 - Loading config tree
2022-07-17 21:25:55,451 INFO  ExportPropertyManagerExtension.cs: 520 - Starting new configuration
2022-07-17 21:25:55,454 INFO  SwAddin.cs: 344 - Showing property manager
2022-07-17 21:26:12,161 INFO  ExportPropertyManager.cs: 1018 - OnComboboxSelectionChanged called. This method no longer throws an Exception. It just silently does nothing. Ok, except for this logging message
2022-07-17 21:26:39,143 INFO  ExportPropertyManager.cs: 422 - Configuration saved
2022-07-17 21:26:39,444 INFO  ExportHelperExtension.cs: 1125 - Retrieving features of type [CoordSys] from 内六角.SLDASM
2022-07-17 21:26:39,445 INFO  ExportHelperExtension.cs: 1136 - Found 30 in 内六角.SLDASM
2022-07-17 21:26:39,445 INFO  ExportHelperExtension.cs: 1145 - Found 1 features of type [CoordSys] in 内六角.SLDASM
2022-07-17 21:26:39,446 INFO  ExportHelperExtension.cs: 1148 - Proceeding through assembly components
2022-07-17 21:26:39,446 INFO  ExportHelperExtension.cs: 1160 - 2 components to check
2022-07-17 21:26:39,447 INFO  ExportHelperExtension.cs: 1125 - Retrieving features of type [CoordSys] from 批头套筒（十字）(1)-1
2022-07-17 21:26:39,447 INFO  ExportHelperExtension.cs: 1136 - Found 41 in 批头套筒（十字）(1)-1
2022-07-17 21:26:39,448 INFO  ExportHelperExtension.cs: 1145 - Found 0 features of type [CoordSys] in 批头套筒（十字）(1)-1
2022-07-17 21:26:39,448 INFO  ExportHelperExtension.cs: 1125 - Retrieving features of type [CoordSys] from 六角批头(1)-1
2022-07-17 21:26:39,449 INFO  ExportHelperExtension.cs: 1136 - Found 29 in 六角批头(1)-1
2022-07-17 21:26:39,450 INFO  ExportHelperExtension.cs: 1145 - Found 0 features of type [CoordSys] in 六角批头(1)-1
2022-07-17 21:26:39,451 INFO  ExportHelperExtension.cs: 1125 - Retrieving features of type [RefAxis] from 内六角.SLDASM
2022-07-17 21:26:39,451 INFO  ExportHelperExtension.cs: 1136 - Found 30 in 内六角.SLDASM
2022-07-17 21:26:39,452 INFO  ExportHelperExtension.cs: 1145 - Found 0 features of type [RefAxis] in 内六角.SLDASM
2022-07-17 21:26:39,452 INFO  ExportHelperExtension.cs: 1148 - Proceeding through assembly components
2022-07-17 21:26:39,453 INFO  ExportHelperExtension.cs: 1160 - 2 components to check
2022-07-17 21:26:39,453 INFO  ExportHelperExtension.cs: 1125 - Retrieving features of type [RefAxis] from 批头套筒（十字）(1)-1
2022-07-17 21:26:39,454 INFO  ExportHelperExtension.cs: 1136 - Found 41 in 批头套筒（十字）(1)-1
2022-07-17 21:26:39,454 INFO  ExportHelperExtension.cs: 1145 - Found 0 features of type [RefAxis] in 批头套筒（十字）(1)-1
2022-07-17 21:26:39,455 INFO  ExportHelperExtension.cs: 1125 - Retrieving features of type [RefAxis] from 六角批头(1)-1
2022-07-17 21:26:39,455 INFO  ExportHelperExtension.cs: 1136 - Found 29 in 六角批头(1)-1
2022-07-17 21:26:39,456 INFO  ExportHelperExtension.cs: 1145 - Found 0 features of type [RefAxis] in 六角批头(1)-1
2022-07-17 21:26:39,519 INFO  ExportPropertyManager.cs: 1142 - AfterClose called. This method no longer throws an Exception. It just silently does nothing. Ok, except for this logging message
2022-07-17 21:26:53,970 INFO  AssemblyExportForm.cs: 253 - Completing URDF export
2022-07-17 21:26:53,975 INFO  ConfigurationSerialization.cs: 276 - URDF Configuration found
<Link z:Id="i1" xmlns="http://schemas.datacontract.org/2004/07/SW2URDF" xmlns:i="http://www.w3.org/2001/XMLSchema-instance" xmlns:z="http://schemas.microsoft.com/2003/10/Serialization/"><Attributes><Attribute z:Id="i2"><AttributeType>name</AttributeType><IsRequired>true</IsRequired><Value i:type="a:string" xmlns:a="http://www.w3.org/2001/XMLSchema">hexagon_sleeve_base_link</Value></Attribute></Attributes><ChildElements><URDFElement z:Id="i3" i:type="Inertial"><Attributes/><ChildElements><URDFElement z:Id="i4" i:type="Origin"><Attributes><Attribute z:Id="i5"><AttributeType>xyz</AttributeType><IsRequired>true</IsRequired><Value i:type="a:ArrayOfdouble" xmlns:a="http://schemas.microsoft.com/2003/10/Serialization/Arrays"><a:double>0</a:double><a:double>0</a:double><a:double>0</a:double></Value></Attribute><Attribute z:Id="i6"><AttributeType>rpy</AttributeType><IsRequired>true</IsRequired><Value i:type="a:ArrayOfdouble" xmlns:a="http://schemas.microsoft.com/2003/10/Serialization/Arrays"><a:double>0</a:double><a:double>0</a:double><a:double>0</a:double></Value></Attribute></Attributes><ChildElements/><ElementName>origin</ElementName><required>false</required><RPYAttribute z:Ref="i6"/><XYZAttribute z:Ref="i5"/><isCustomized>false</isCustomized></URDFElement><URDFElement z:Id="i7" i:type="Mass"><Attributes><Attribute z:Id="i8"><AttributeType>value</AttributeType><IsRequired>true</IsRequired><Value i:type="a:double" xmlns:a="http://www.w3.org/2001/XMLSchema">0</Value></Attribute></Attributes><ChildElements/><ElementName>mass</ElementName><required>false</required><ValueAttribute z:Ref="i8"/></URDFElement><URDFElement z:Id="i9" i:type="Inertia"><Attributes><Attribute z:Id="i10"><AttributeType>ixx</AttributeType><IsRequired>true</IsRequired><Value i:type="a:double" xmlns:a="http://www.w3.org/2001/XMLSchema">0</Value></Attribute><Attribute z:Id="i11"><AttributeType>ixy</AttributeType><IsRequired>true</IsRequired><Value i:type="a:double" xmlns:a="http://www.w3.org/2001/XMLSchema">0</Value></Attribute><Attribute z:Id="i12"><AttributeType>ixz</AttributeType><IsRequired>true</IsRequired><Value i:type="a:double" xmlns:a="http://www.w3.org/2001/XMLSchema">0</Value></Attribute><Attribute z:Id="i13"><AttributeType>iyy</AttributeType><IsRequired>true</IsRequired><Value i:type="a:double" xmlns:a="http://www.w3.org/2001/XMLSchema">0</Value></Attribute><Attribute z:Id="i14"><AttributeType>iyz</AttributeType><IsRequired>true</IsRequired><Value i:type="a:double" xmlns:a="http://www.w3.org/2001/XMLSchema">0</Value></Attribute><Attribute z:Id="i15"><AttributeType>izz</AttributeType><IsRequired>true</IsRequired><Value i:type="a:double" xmlns:a="http://www.w3.org/2001/XMLSchema">0</Value></Attribute></Attributes><ChildElements/><ElementName>inertia</ElementName><required>false</required><IxxAttribute z:Ref="i10"/><IxyAttribute z:Ref="i11"/><IxzAttribute z:Ref="i12"/><IyyAttribute z:Ref="i13"/><IyzAttribute z:Ref="i14"/><IzzAttribute z:Ref="i15"/></URDFElement></ChildElements><ElementName>inertial</ElementName><required>false</required><Inertia z:Ref="i9"/><Mass z:Ref="i7"/><Origin z:Ref="i4"/></URDFElement><URDFElement z:Id="i16" i:type="Visual"><Attributes/><ChildElements><URDFElement z:Id="i17" i:type="Origin"><Attributes><Attribute z:Id="i18"><AttributeType>xyz</AttributeType><IsRequired>true</IsRequired><Value i:type="a:ArrayOfdouble" xmlns:a="http://schemas.microsoft.com/2003/10/Serialization/Arrays"><a:double>0</a:double><a:double>0</a:double><a:double>0</a:double></Value></Attribute><Attribute z:Id="i19"><AttributeType>rpy</AttributeType><IsRequired>true</IsRequired><Value i:type="a:ArrayOfdouble" xmlns:a="http://schemas.microsoft.com/2003/10/Serialization/Arrays"><a:double>0</a:double><a:double>0</a:double><a:double>0</a:double></Value></Attribute></Attributes><ChildElements/><ElementName>origin</ElementName><required>false</required><RPYAttribute z:Ref="i19"/><XYZAttribute z:Ref="i18"/><isCustomized>false</isCustomized></URDFElement><URDFElement z:Id="i20" i:type="Geometry"><Attributes/><ChildElements><URDFElement z:Id="i21" i:type="Mesh"><Attributes><Attribute z:Id="i22"><AttributeType>filename</AttributeType><IsRequired>true</IsRequired><Value i:nil="true"/></Attribute></Attributes><ChildElements/><ElementName>mesh</ElementName><required>false</required><FilenameAttribute z:Ref="i22"/></URDFElement></ChildElements><ElementName>geometry</ElementName><required>true</required><Mesh z:Ref="i21"/></URDFElement><URDFElement z:Id="i23" i:type="Material"><Attributes><Attribute z:Id="i24"><AttributeType>name</AttributeType><IsRequired>true</IsRequired><Value i:type="a:string" xmlns:a="http://www.w3.org/2001/XMLSchema"/></Attribute></Attributes><ChildElements><URDFElement z:Id="i25" i:type="Color"><Attributes><Attribute z:Id="i26"><AttributeType>rgba</AttributeType><IsRequired>true</IsRequired><Value i:type="a:ArrayOfdouble" xmlns:a="http://schemas.microsoft.com/2003/10/Serialization/Arrays"><a:double>1</a:double><a:double>1</a:double><a:double>1</a:double><a:double>1</a:double></Value></Attribute></Attributes><ChildElements/><ElementName>color</ElementName><required>false</required><RGBAAttribute z:Ref="i26"/></URDFElement><URDFElement z:Id="i27" i:type="Texture"><Attributes><Attribute z:Id="i28"><AttributeType>filename</AttributeType><IsRequired>true</IsRequired><Value i:nil="true"/></Attribute></Attributes><ChildElements/><ElementName>texture</ElementName><required>false</required><FilenameAttribute z:Ref="i28"/><wFilename/></URDFElement></ChildElements><ElementName>material</ElementName><required>false</required><Color z:Ref="i25"/><NameAttribute z:Ref="i24"/><Texture z:Ref="i27"/></URDFElement></ChildElements><ElementName>visual</ElementName><required>false</required><Geometry z:Ref="i20"/><Material z:Ref="i23"/><Origin z:Ref="i17"/></URDFElement><URDFElement z:Id="i29" i:type="Collision"><Attributes/><ChildElements><URDFElement z:Id="i30" i:type="Origin"><Attributes><Attribute z:Id="i31"><AttributeType>xyz</AttributeType><IsRequired>true</IsRequired><Value i:type="a:ArrayOfdouble" xmlns:a="http://schemas.microsoft.com/2003/10/Serialization/Arrays"><a:double>0</a:double><a:double>0</a:double><a:double>0</a:double></Value></Attribute><Attribute z:Id="i32"><AttributeType>rpy</AttributeType><IsRequired>true</IsRequired><Value i:type="a:ArrayOfdouble" xmlns:a="http://schemas.microsoft.com/2003/10/Serialization/Arrays"><a:double>0</a:double><a:double>0</a:double><a:double>0</a:double></Value></Attribute></Attributes><ChildElements/><ElementName>origin</ElementName><required>false</required><RPYAttribute z:Ref="i32"/><XYZAttribute z:Ref="i31"/><isCustomized>false</isCustomized></URDFElement><URDFElement z:Id="i33" i:type="Geometry"><Attributes/><ChildElements><URDFElement z:Id="i34" i:type="Mesh"><Attributes><Attribute z:Id="i35"><AttributeType>filename</AttributeType><IsRequired>true</IsRequired><Value i:nil="true"/></Attribute></Attributes><ChildElements/><ElementName>mesh</ElementName><required>false</required><FilenameAttribute z:Ref="i35"/></URDFElement></ChildElements><ElementName>geometry</ElementName><required>true</required><Mesh z:Ref="i34"/></URDFElement></ChildElements><ElementName>collision</ElementName><required>false</required><Geometry z:Ref="i33"/><Origin z:Ref="i30"/></URDFElement><URDFElement z:Id="i36" i:type="Joint"><Attributes><Attribute z:Id="i37"><AttributeType>name</AttributeType><IsRequired>true</IsRequired><Value i:type="a:string" xmlns:a="http://www.w3.org/2001/XMLSchema"/></Attribute><Attribute z:Id="i38"><AttributeType>type</AttributeType><IsRequired>true</IsRequired><Value i:type="a:string" xmlns:a="http://www.w3.org/2001/XMLSchema"/></Attribute></Attributes><ChildElements><URDFElement z:Id="i39" i:type="Origin"><Attributes><Attribute z:Id="i40"><AttributeType>xyz</AttributeType><IsRequired>true</IsRequired><Value i:type="a:ArrayOfdouble" xmlns:a="http://schemas.microsoft.com/2003/10/Serialization/Arrays"><a:double>0</a:double><a:double>0</a:double><a:double>0</a:double></Value></Attribute><Attribute z:Id="i41"><AttributeType>rpy</AttributeType><IsRequired>true</IsRequired><Value i:type="a:ArrayOfdouble" xmlns:a="http://schemas.microsoft.com/2003/10/Serialization/Arrays"><a:double>0</a:double><a:double>0</a:double><a:double>0</a:double></Value></Attribute></Attributes><ChildElements/><ElementName>origin</ElementName><required>false</required><RPYAttribute z:Ref="i41"/><XYZAttribute z:Ref="i40"/><isCustomized>false</isCustomized></URDFElement><URDFElement z:Id="i42" i:type="ParentLink"><Attributes><Attribute z:Id="i43"><AttributeType>link</AttributeType><IsRequired>true</IsRequired><Value i:type="a:string" xmlns:a="http://www.w3.org/2001/XMLSchema"/></Attribute></Attributes><ChildElements/><ElementName>parent</ElementName><required>true</required><NameAttribute z:Ref="i43"/></URDFElement><URDFElement z:Id="i44" i:type="ChildLink"><Attributes><Attribute z:Id="i45"><AttributeType>link</AttributeType><IsRequired>true</IsRequired><Value i:type="a:string" xmlns:a="http://www.w3.org/2001/XMLSchema"/></Attribute></Attributes><ChildElements/><ElementName>child</ElementName><required>true</required><NameAttribute z:Ref="i45"/></URDFElement><URDFElement z:Id="i46" i:type="Axis"><Attributes><Attribute z:Id="i47"><AttributeType>xyz</AttributeType><IsRequired>true</IsRequired><Value i:type="a:ArrayOfdouble" xmlns:a="http://schemas.microsoft.com/2003/10/Serialization/Arrays"><a:double>0</a:double><a:double>0</a:double><a:double>0</a:double></Value></Attribute></Attributes><ChildElements/><ElementName>axis</ElementName><required>false</required><XYZAttribute z:Ref="i47"/></URDFElement><URDFElement z:Id="i48" i:type="Limit"><Attributes><Attribute z:Id="i49"><AttributeType>lower</AttributeType><IsRequired>false</IsRequired><Value i:nil="true"/></Attribute><Attribute z:Id="i50"><AttributeType>upper</AttributeType><IsRequired>false</IsRequired><Value i:nil="true"/></Attribute><Attribute z:Id="i51"><AttributeType>effort</AttributeType><IsRequired>true</IsRequired><Value i:nil="true"/></Attribute><Attribute z:Id="i52"><AttributeType>velocity</AttributeType><IsRequired>true</IsRequired><Value i:nil="true"/></Attribute></Attributes><ChildElements/><ElementName>limit</ElementName><required>false</required><EffortAttribute z:Ref="i51"/><LowerAttribute z:Ref="i49"/><UpperAttribute z:Ref="i50"/><VelocityAttribute z:Ref="i52"/></URDFElement><URDFElement z:Id="i53" i:type="Calibration"><Attributes><Attribute z:Id="i54"><AttributeType>rising</AttributeType><IsRequired>false</IsRequired><Value i:nil="true"/></Attribute><Attribute z:Id="i55"><AttributeType>falling</AttributeType><IsRequired>false</IsRequired><Value i:nil="true"/></Attribute></Attributes><ChildElements/><ElementName>calibration</ElementName><required>false</required><FallingAttribute z:Ref="i55"/><RisingAttribute z:Ref="i54"/></URDFElement><URDFElement z:Id="i56" i:type="Dynamics"><Attributes><Attribute z:Id="i57"><AttributeType>damping</AttributeType><IsRequired>false</IsRequired><Value i:nil="true"/></Attribute><Attribute z:Id="i58"><AttributeType>friction</AttributeType><IsRequired>false</IsRequired><Value i:nil="true"/></Attribute></Attributes><ChildElements/><ElementName>dynamics</ElementName><required>false</required><DampingAttribute z:Ref="i57"/><FrictionAttribute z:Ref="i58"/></URDFElement><URDFElement z:Id="i59" i:type="SafetyController"><Attributes><Attribute z:Id="i60"><AttributeType>soft_upper_limit</AttributeType><IsRequired>false</IsRequired><Value i:nil="true"/></Attribute><Attribute z:Id="i61"><AttributeType>soft_lower_limit</AttributeType><IsRequired>false</IsRequired><Value i:nil="true"/></Attribute><Attribute z:Id="i62"><AttributeType>k_position</AttributeType><IsRequired>false</IsRequired><Value i:nil="true"/></Attribute><Attribute z:Id="i63"><AttributeType>k_velocity</AttributeType><IsRequired>true</IsRequired><Value i:nil="true"/></Attribute></Attributes><ChildElements/><ElementName>safety_controller</ElementName><required>false</required><KPositionAttribute z:Ref="i62"/><KVelocityAttribute z:Ref="i63"/><SoftLowerAttribute z:Ref="i61"/><SoftUpperAttribute z:Ref="i60"/></URDFElement><URDFElement z:Id="i64" i:type="Mimic"><Attributes><Attribute z:Id="i65"><AttributeType>joint</AttributeType><IsRequired>true</IsRequired><Value i:nil="true"/></Attribute><Attribute z:Id="i66"><AttributeType>multiplier</AttributeType><IsRequired>false</IsRequired><Value i:nil="true"/></Attribute><Attribute z:Id="i67"><AttributeType>offset</AttributeType><IsRequired>false</IsRequired><Value i:nil="true"/></Attribute></Attributes><ChildElements/><ElementName>mimic</ElementName><required>false</required><JointNameAttribute z:Ref="i65"/><MultiplierAttribute z:Ref="i66"/><OffsetAttribute z:Ref="i67"/></URDFElement></ChildElements><ElementName>joint</ElementName><required>false</required><Axis z:Ref="i46"/><AxisName/><Calibration z:Ref="i53"/><Child z:Ref="i44"/><CoordinateSystemName>?????????2</CoordinateSystemName><Dynamics z:Ref="i56"/><Limit z:Ref="i48"/><Mimic z:Ref="i64"/><NameAttribute z:Ref="i37"/><Origin z:Ref="i39"/><Parent z:Ref="i42"/><Safety z:Ref="i59"/><TypeAttribute z:Ref="i38"/></URDFElement></ChildElements><ElementName>link</ElementName><required>true</required><Children/><Collision z:Ref="i29"/><Inertial z:Ref="i3"/><Joint z:Ref="i36"/><NameAttribute z:Ref="i2"/><Parent i:nil="true"/><STLQualityFine>false</STLQualityFine><SWComponentPIDs xmlns:a="http://schemas.microsoft.com/2003/10/Serialization/Arrays"><a:base64Binary>sDYAAAUAAAD//v8NbVHSiXliNFkoADEAKQAtADEAQACFUW1R0okEAAAAEAAAAAEAAAABAAAAEgAAAA==</a:base64Binary><a:base64Binary>sDYAAAUAAAD//v8ReWI0WVdZUnsI/0FTV1sJ/ygAMQApAC0AMQBAAIVRbVHSiQQAAAAQAAAAAQAAAAEAAAATAAAA</a:base64Binary></SWComponentPIDs><SWMainComponentPID i:nil="true"/><Visual z:Ref="i16"/><isFixedFrame>false</isFixedFrame><isIncomplete>false</isIncomplete></Link>
2022-07-17 21:27:45,909 INFO  AssemblyExportForm.cs: 309 - Saving URDF package to C:\Users\t't\Desktop\soildworks\换套筒\hexagon_sleeve
2022-07-17 21:27:45,913 INFO  ExportHelper.cs: 147 - Beginning the export process
2022-07-17 21:27:45,916 INFO  ExportHelper.cs: 153 - Creating package directories with name hexagon_sleeve and save path C:\Users\t't\Desktop\soildworks\换套筒
2022-07-17 21:27:48,088 INFO  ExportHelper.cs: 162 - Creating CMakeLists.txt at C:\Users\t't\Desktop\soildworks\换套筒\hexagon_sleeve\CMakeLists.txt
2022-07-17 21:27:48,092 INFO  ExportHelper.cs: 166 - Creating joint names config at C:\Users\t't\Desktop\soildworks\换套筒\hexagon_sleeve\config\joint_names_hexagon_sleeve.yaml
2022-07-17 21:27:48,094 INFO  ExportHelper.cs: 170 - Creating package.xml at C:\Users\t't\Desktop\soildworks\换套筒\hexagon_sleeve\package.xml
2022-07-17 21:27:48,095 INFO  PackageXMLWriter.cs: 21 - Creating package.xml at C:\Users\t't\Desktop\soildworks\换套筒\hexagon_sleeve\package.xml
2022-07-17 21:27:48,103 INFO  ExportHelper.cs: 177 - Creating RVIZ launch file in C:\Users\t't\Desktop\soildworks\换套筒\hexagon_sleeve\launch\
2022-07-17 21:27:48,110 INFO  ExportHelper.cs: 182 - Creating Gazebo launch file in C:\Users\t't\Desktop\soildworks\换套筒\hexagon_sleeve\launch\
2022-07-17 21:27:48,112 INFO  ExportHelper.cs: 187 - Saving existing STL preferences
2022-07-17 21:27:48,113 INFO  ExportHelper.cs: 450 - Saving users preferences
2022-07-17 21:27:48,116 INFO  ExportHelper.cs: 190 - Modifying STL preferences
2022-07-17 21:27:48,116 INFO  ExportHelper.cs: 464 - Setting STL preferences
2022-07-17 21:27:48,307 INFO  ExportHelper.cs: 196 - Found 0 hidden components 
2022-07-17 21:27:48,308 INFO  ExportHelper.cs: 197 - Hiding all components
2022-07-17 21:27:48,924 INFO  ExportHelper.cs: 204 - Beginning individual files export
2022-07-17 21:27:48,932 INFO  ExportHelper.cs: 270 - Exporting link: hexagon_sleeve_base_link
2022-07-17 21:27:48,932 INFO  ExportHelper.cs: 272 - Link hexagon_sleeve_base_link has 0 children
2022-07-17 21:27:48,933 INFO  ExportHelper.cs: 317 - hexagon_sleeve_base_link: Exporting STL with coordinate frame 坐标系2
2022-07-17 21:27:48,935 INFO  ExportHelper.cs: 322 - hexagon_sleeve_base_link: Reference geometry name 
2022-07-17 21:27:50,405 INFO  ExportHelper.cs: 330 - Saving STL to C:\Users\t't\Desktop\soildworks\换套筒\hexagon_sleeve\meshes\hexagon_sleeve_base_link.STL
2022-07-17 21:27:51,230 INFO  ExportHelper.cs: 405 - Removing SW header in STL file
2022-07-17 21:27:51,233 INFO  ExportHelper.cs: 145 - Showing all components except previously hidden components
2022-07-17 21:27:51,446 INFO  ExportHelper.cs: 145 - Resetting STL preferences
2022-07-17 21:27:51,447 INFO  ExportHelper.cs: 478 - Returning STL preferences to user preferences
2022-07-17 21:27:51,448 INFO  ExportHelper.cs: 228 - Writing URDF file to C:\Users\t't\Desktop\soildworks\换套筒\hexagon_sleeve\urdf\hexagon_sleeve.urdf
2022-07-17 21:27:51,914 INFO  CSVImportExport.cs: 32 - Writing CSV file C:\Users\t't\Desktop\soildworks\换套筒\hexagon_sleeve\urdf\hexagon_sleeve.csv
2022-07-17 21:27:51,994 ERROR CSVImportExport.cs: 130 - The following columns were not written to the CSV: Link.Joint.ChildLink.link,
2022-07-17 21:27:51,996 INFO  ExportHelper.cs: 234 - Copying log file
2022-07-17 21:27:52,004 INFO  ExportHelper.cs: 439 - Copying C:\Users\t't\sw2urdf_logs\sw2urdf.log to C:\Users\t't\Desktop\soildworks\换套筒\hexagon_sleeve\export.log
2022-07-17 21:27:52,012 INFO  ExportHelper.cs: 237 - Resetting STL preferences
2022-07-17 21:27:52,012 INFO  ExportHelper.cs: 478 - Returning STL preferences to user preferences
2022-07-17 21:30:47,050 INFO  SwAddin.cs: 294 - Assembly export called for file 内梅花.SLDASM
2022-07-17 21:30:47,051 INFO  SwAddin.cs: 299 - Save is required
2022-07-17 21:30:47,051 INFO  SwAddin.cs: 313 - Saving assembly
2022-07-17 21:30:47,301 INFO  SwAddin.cs: 316 - Opening property manager
2022-07-17 21:30:47,301 INFO  ExportHelperExtension.cs: 1125 - Retrieving features of type [CoordSys] from 内梅花.SLDASM
2022-07-17 21:30:47,392 INFO  ExportHelperExtension.cs: 1136 - Found 29 in 内梅花.SLDASM
2022-07-17 21:30:47,393 INFO  ExportHelperExtension.cs: 1145 - Found 1 features of type [CoordSys] in 内梅花.SLDASM
2022-07-17 21:30:47,396 INFO  ExportHelperExtension.cs: 1148 - Proceeding through assembly components
2022-07-17 21:30:47,397 INFO  ExportHelperExtension.cs: 1160 - 2 components to check
2022-07-17 21:30:47,398 INFO  ExportHelperExtension.cs: 1125 - Retrieving features of type [CoordSys] from 内梅花螺栓(1)-1
2022-07-17 21:30:47,399 INFO  ExportHelperExtension.cs: 1136 - Found 32 in 内梅花螺栓(1)-1
2022-07-17 21:30:47,400 INFO  ExportHelperExtension.cs: 1145 - Found 0 features of type [CoordSys] in 内梅花螺栓(1)-1
2022-07-17 21:30:47,401 INFO  ExportHelperExtension.cs: 1125 - Retrieving features of type [CoordSys] from 批头套筒（十字）(1)-1
2022-07-17 21:30:47,401 INFO  ExportHelperExtension.cs: 1136 - Found 41 in 批头套筒（十字）(1)-1
2022-07-17 21:30:47,402 INFO  ExportHelperExtension.cs: 1145 - Found 0 features of type [CoordSys] in 批头套筒（十字）(1)-1
2022-07-17 21:30:47,403 INFO  ExportHelperExtension.cs: 1125 - Retrieving features of type [RefAxis] from 内梅花.SLDASM
2022-07-17 21:30:47,404 INFO  ExportHelperExtension.cs: 1136 - Found 29 in 内梅花.SLDASM
2022-07-17 21:30:47,404 INFO  ExportHelperExtension.cs: 1145 - Found 0 features of type [RefAxis] in 内梅花.SLDASM
2022-07-17 21:30:47,405 INFO  ExportHelperExtension.cs: 1148 - Proceeding through assembly components
2022-07-17 21:30:47,405 INFO  ExportHelperExtension.cs: 1160 - 2 components to check
2022-07-17 21:30:47,406 INFO  ExportHelperExtension.cs: 1125 - Retrieving features of type [RefAxis] from 内梅花螺栓(1)-1
2022-07-17 21:30:47,407 INFO  ExportHelperExtension.cs: 1136 - Found 32 in 内梅花螺栓(1)-1
2022-07-17 21:30:47,407 INFO  ExportHelperExtension.cs: 1145 - Found 0 features of type [RefAxis] in 内梅花螺栓(1)-1
2022-07-17 21:30:47,408 INFO  ExportHelperExtension.cs: 1125 - Retrieving features of type [RefAxis] from 批头套筒（十字）(1)-1
2022-07-17 21:30:47,408 INFO  ExportHelperExtension.cs: 1136 - Found 41 in 批头套筒（十字）(1)-1
2022-07-17 21:30:47,409 INFO  ExportHelperExtension.cs: 1145 - Found 0 features of type [RefAxis] in 批头套筒（十字）(1)-1
2022-07-17 21:30:47,616 INFO  SwAddin.cs: 339 - Loading config tree
2022-07-17 21:30:47,616 INFO  ExportPropertyManagerExtension.cs: 520 - Starting new configuration
2022-07-17 21:30:47,618 INFO  SwAddin.cs: 344 - Showing property manager
2022-07-17 21:32:03,950 INFO  ExportPropertyManager.cs: 1018 - OnComboboxSelectionChanged called. This method no longer throws an Exception. It just silently does nothing. Ok, except for this logging message
2022-07-17 21:32:05,544 INFO  ExportPropertyManager.cs: 1142 - AfterClose called. This method no longer throws an Exception. It just silently does nothing. Ok, except for this logging message
2022-07-17 21:32:21,478 INFO  SwAddin.cs: 294 - Assembly export called for file 内梅花.SLDASM
2022-07-17 21:32:21,478 INFO  SwAddin.cs: 299 - Save is required
2022-07-17 21:32:21,479 INFO  SwAddin.cs: 313 - Saving assembly
2022-07-17 21:32:21,796 INFO  SwAddin.cs: 316 - Opening property manager
2022-07-17 21:32:21,797 INFO  ExportHelperExtension.cs: 1125 - Retrieving features of type [CoordSys] from 内梅花.SLDASM
2022-07-17 21:32:21,797 INFO  ExportHelperExtension.cs: 1136 - Found 29 in 内梅花.SLDASM
2022-07-17 21:32:21,798 INFO  ExportHelperExtension.cs: 1145 - Found 1 features of type [CoordSys] in 内梅花.SLDASM
2022-07-17 21:32:21,799 INFO  ExportHelperExtension.cs: 1148 - Proceeding through assembly components
2022-07-17 21:32:21,799 INFO  ExportHelperExtension.cs: 1160 - 2 components to check
2022-07-17 21:32:21,800 INFO  ExportHelperExtension.cs: 1125 - Retrieving features of type [CoordSys] from 内梅花螺栓(1)-1
2022-07-17 21:32:21,800 INFO  ExportHelperExtension.cs: 1136 - Found 32 in 内梅花螺栓(1)-1
2022-07-17 21:32:21,801 INFO  ExportHelperExtension.cs: 1145 - Found 0 features of type [CoordSys] in 内梅花螺栓(1)-1
2022-07-17 21:32:21,802 INFO  ExportHelperExtension.cs: 1125 - Retrieving features of type [CoordSys] from 批头套筒（十字）(1)-1
2022-07-17 21:32:21,802 INFO  ExportHelperExtension.cs: 1136 - Found 41 in 批头套筒（十字）(1)-1
2022-07-17 21:32:21,803 INFO  ExportHelperExtension.cs: 1145 - Found 0 features of type [CoordSys] in 批头套筒（十字）(1)-1
2022-07-17 21:32:21,803 INFO  ExportHelperExtension.cs: 1125 - Retrieving features of type [RefAxis] from 内梅花.SLDASM
2022-07-17 21:32:21,812 INFO  ExportHelperExtension.cs: 1136 - Found 29 in 内梅花.SLDASM
2022-07-17 21:32:21,813 INFO  ExportHelperExtension.cs: 1145 - Found 0 features of type [RefAxis] in 内梅花.SLDASM
2022-07-17 21:32:21,814 INFO  ExportHelperExtension.cs: 1148 - Proceeding through assembly components
2022-07-17 21:32:21,814 INFO  ExportHelperExtension.cs: 1160 - 2 components to check
2022-07-17 21:32:21,815 INFO  ExportHelperExtension.cs: 1125 - Retrieving features of type [RefAxis] from 内梅花螺栓(1)-1
2022-07-17 21:32:21,815 INFO  ExportHelperExtension.cs: 1136 - Found 32 in 内梅花螺栓(1)-1
2022-07-17 21:32:21,816 INFO  ExportHelperExtension.cs: 1145 - Found 0 features of type [RefAxis] in 内梅花螺栓(1)-1
2022-07-17 21:32:21,817 INFO  ExportHelperExtension.cs: 1125 - Retrieving features of type [RefAxis] from 批头套筒（十字）(1)-1
2022-07-17 21:32:21,817 INFO  ExportHelperExtension.cs: 1136 - Found 41 in 批头套筒（十字）(1)-1
2022-07-17 21:32:21,818 INFO  ExportHelperExtension.cs: 1145 - Found 0 features of type [RefAxis] in 批头套筒（十字）(1)-1
2022-07-17 21:32:22,031 INFO  SwAddin.cs: 339 - Loading config tree
2022-07-17 21:32:22,032 INFO  ExportPropertyManagerExtension.cs: 520 - Starting new configuration
2022-07-17 21:32:22,034 INFO  SwAddin.cs: 344 - Showing property manager
2022-07-17 21:32:39,415 INFO  ExportPropertyManager.cs: 1018 - OnComboboxSelectionChanged called. This method no longer throws an Exception. It just silently does nothing. Ok, except for this logging message
2022-07-17 21:32:44,485 INFO  ExportPropertyManager.cs: 422 - Configuration saved
2022-07-17 21:32:44,804 INFO  ExportHelperExtension.cs: 1125 - Retrieving features of type [CoordSys] from 内梅花.SLDASM
2022-07-17 21:32:44,805 INFO  ExportHelperExtension.cs: 1136 - Found 30 in 内梅花.SLDASM
2022-07-17 21:32:44,806 INFO  ExportHelperExtension.cs: 1145 - Found 1 features of type [CoordSys] in 内梅花.SLDASM
2022-07-17 21:32:44,806 INFO  ExportHelperExtension.cs: 1148 - Proceeding through assembly components
2022-07-17 21:32:44,810 INFO  ExportHelperExtension.cs: 1160 - 2 components to check
2022-07-17 21:32:44,811 INFO  ExportHelperExtension.cs: 1125 - Retrieving features of type [CoordSys] from 内梅花螺栓(1)-1
2022-07-17 21:32:44,856 INFO  ExportHelperExtension.cs: 1136 - Found 32 in 内梅花螺栓(1)-1
2022-07-17 21:32:44,858 INFO  ExportHelperExtension.cs: 1145 - Found 0 features of type [CoordSys] in 内梅花螺栓(1)-1
2022-07-17 21:32:44,858 INFO  ExportHelperExtension.cs: 1125 - Retrieving features of type [CoordSys] from 批头套筒（十字）(1)-1
2022-07-17 21:32:44,859 INFO  ExportHelperExtension.cs: 1136 - Found 41 in 批头套筒（十字）(1)-1
2022-07-17 21:32:44,860 INFO  ExportHelperExtension.cs: 1145 - Found 0 features of type [CoordSys] in 批头套筒（十字）(1)-1
2022-07-17 21:32:44,861 INFO  ExportHelperExtension.cs: 1125 - Retrieving features of type [RefAxis] from 内梅花.SLDASM
2022-07-17 21:32:44,861 INFO  ExportHelperExtension.cs: 1136 - Found 30 in 内梅花.SLDASM
2022-07-17 21:32:44,862 INFO  ExportHelperExtension.cs: 1145 - Found 0 features of type [RefAxis] in 内梅花.SLDASM
2022-07-17 21:32:44,863 INFO  ExportHelperExtension.cs: 1148 - Proceeding through assembly components
2022-07-17 21:32:44,863 INFO  ExportHelperExtension.cs: 1160 - 2 components to check
2022-07-17 21:32:44,864 INFO  ExportHelperExtension.cs: 1125 - Retrieving features of type [RefAxis] from 内梅花螺栓(1)-1
2022-07-17 21:32:44,865 INFO  ExportHelperExtension.cs: 1136 - Found 32 in 内梅花螺栓(1)-1
2022-07-17 21:32:44,865 INFO  ExportHelperExtension.cs: 1145 - Found 0 features of type [RefAxis] in 内梅花螺栓(1)-1
2022-07-17 21:32:44,866 INFO  ExportHelperExtension.cs: 1125 - Retrieving features of type [RefAxis] from 批头套筒（十字）(1)-1
2022-07-17 21:32:44,866 INFO  ExportHelperExtension.cs: 1136 - Found 41 in 批头套筒（十字）(1)-1
2022-07-17 21:32:44,867 INFO  ExportHelperExtension.cs: 1145 - Found 0 features of type [RefAxis] in 批头套筒（十字）(1)-1
2022-07-17 21:32:44,926 INFO  ExportPropertyManager.cs: 1142 - AfterClose called. This method no longer throws an Exception. It just silently does nothing. Ok, except for this logging message
2022-07-17 21:32:52,356 INFO  AssemblyExportForm.cs: 253 - Completing URDF export
2022-07-17 21:32:52,359 INFO  ConfigurationSerialization.cs: 276 - URDF Configuration found
<Link z:Id="i1" xmlns="http://schemas.datacontract.org/2004/07/SW2URDF" xmlns:i="http://www.w3.org/2001/XMLSchema-instance" xmlns:z="http://schemas.microsoft.com/2003/10/Serialization/"><Attributes><Attribute z:Id="i2"><AttributeType>name</AttributeType><IsRequired>true</IsRequired><Value i:type="a:string" xmlns:a="http://www.w3.org/2001/XMLSchema">star_sleeve_base_link</Value></Attribute></Attributes><ChildElements><URDFElement z:Id="i3" i:type="Inertial"><Attributes/><ChildElements><URDFElement z:Id="i4" i:type="Origin"><Attributes><Attribute z:Id="i5"><AttributeType>xyz</AttributeType><IsRequired>true</IsRequired><Value i:type="a:ArrayOfdouble" xmlns:a="http://schemas.microsoft.com/2003/10/Serialization/Arrays"><a:double>0</a:double><a:double>0</a:double><a:double>0</a:double></Value></Attribute><Attribute z:Id="i6"><AttributeType>rpy</AttributeType><IsRequired>true</IsRequired><Value i:type="a:ArrayOfdouble" xmlns:a="http://schemas.microsoft.com/2003/10/Serialization/Arrays"><a:double>0</a:double><a:double>0</a:double><a:double>0</a:double></Value></Attribute></Attributes><ChildElements/><ElementName>origin</ElementName><required>false</required><RPYAttribute z:Ref="i6"/><XYZAttribute z:Ref="i5"/><isCustomized>false</isCustomized></URDFElement><URDFElement z:Id="i7" i:type="Mass"><Attributes><Attribute z:Id="i8"><AttributeType>value</AttributeType><IsRequired>true</IsRequired><Value i:type="a:double" xmlns:a="http://www.w3.org/2001/XMLSchema">0</Value></Attribute></Attributes><ChildElements/><ElementName>mass</ElementName><required>false</required><ValueAttribute z:Ref="i8"/></URDFElement><URDFElement z:Id="i9" i:type="Inertia"><Attributes><Attribute z:Id="i10"><AttributeType>ixx</AttributeType><IsRequired>true</IsRequired><Value i:type="a:double" xmlns:a="http://www.w3.org/2001/XMLSchema">0</Value></Attribute><Attribute z:Id="i11"><AttributeType>ixy</AttributeType><IsRequired>true</IsRequired><Value i:type="a:double" xmlns:a="http://www.w3.org/2001/XMLSchema">0</Value></Attribute><Attribute z:Id="i12"><AttributeType>ixz</AttributeType><IsRequired>true</IsRequired><Value i:type="a:double" xmlns:a="http://www.w3.org/2001/XMLSchema">0</Value></Attribute><Attribute z:Id="i13"><AttributeType>iyy</AttributeType><IsRequired>true</IsRequired><Value i:type="a:double" xmlns:a="http://www.w3.org/2001/XMLSchema">0</Value></Attribute><Attribute z:Id="i14"><AttributeType>iyz</AttributeType><IsRequired>true</IsRequired><Value i:type="a:double" xmlns:a="http://www.w3.org/2001/XMLSchema">0</Value></Attribute><Attribute z:Id="i15"><AttributeType>izz</AttributeType><IsRequired>true</IsRequired><Value i:type="a:double" xmlns:a="http://www.w3.org/2001/XMLSchema">0</Value></Attribute></Attributes><ChildElements/><ElementName>inertia</ElementName><required>false</required><IxxAttribute z:Ref="i10"/><IxyAttribute z:Ref="i11"/><IxzAttribute z:Ref="i12"/><IyyAttribute z:Ref="i13"/><IyzAttribute z:Ref="i14"/><IzzAttribute z:Ref="i15"/></URDFElement></ChildElements><ElementName>inertial</ElementName><required>false</required><Inertia z:Ref="i9"/><Mass z:Ref="i7"/><Origin z:Ref="i4"/></URDFElement><URDFElement z:Id="i16" i:type="Visual"><Attributes/><ChildElements><URDFElement z:Id="i17" i:type="Origin"><Attributes><Attribute z:Id="i18"><AttributeType>xyz</AttributeType><IsRequired>true</IsRequired><Value i:type="a:ArrayOfdouble" xmlns:a="http://schemas.microsoft.com/2003/10/Serialization/Arrays"><a:double>0</a:double><a:double>0</a:double><a:double>0</a:double></Value></Attribute><Attribute z:Id="i19"><AttributeType>rpy</AttributeType><IsRequired>true</IsRequired><Value i:type="a:ArrayOfdouble" xmlns:a="http://schemas.microsoft.com/2003/10/Serialization/Arrays"><a:double>0</a:double><a:double>0</a:double><a:double>0</a:double></Value></Attribute></Attributes><ChildElements/><ElementName>origin</ElementName><required>false</required><RPYAttribute z:Ref="i19"/><XYZAttribute z:Ref="i18"/><isCustomized>false</isCustomized></URDFElement><URDFElement z:Id="i20" i:type="Geometry"><Attributes/><ChildElements><URDFElement z:Id="i21" i:type="Mesh"><Attributes><Attribute z:Id="i22"><AttributeType>filename</AttributeType><IsRequired>true</IsRequired><Value i:nil="true"/></Attribute></Attributes><ChildElements/><ElementName>mesh</ElementName><required>false</required><FilenameAttribute z:Ref="i22"/></URDFElement></ChildElements><ElementName>geometry</ElementName><required>true</required><Mesh z:Ref="i21"/></URDFElement><URDFElement z:Id="i23" i:type="Material"><Attributes><Attribute z:Id="i24"><AttributeType>name</AttributeType><IsRequired>true</IsRequired><Value i:type="a:string" xmlns:a="http://www.w3.org/2001/XMLSchema"/></Attribute></Attributes><ChildElements><URDFElement z:Id="i25" i:type="Color"><Attributes><Attribute z:Id="i26"><AttributeType>rgba</AttributeType><IsRequired>true</IsRequired><Value i:type="a:ArrayOfdouble" xmlns:a="http://schemas.microsoft.com/2003/10/Serialization/Arrays"><a:double>1</a:double><a:double>1</a:double><a:double>1</a:double><a:double>1</a:double></Value></Attribute></Attributes><ChildElements/><ElementName>color</ElementName><required>false</required><RGBAAttribute z:Ref="i26"/></URDFElement><URDFElement z:Id="i27" i:type="Texture"><Attributes><Attribute z:Id="i28"><AttributeType>filename</AttributeType><IsRequired>true</IsRequired><Value i:nil="true"/></Attribute></Attributes><ChildElements/><ElementName>texture</ElementName><required>false</required><FilenameAttribute z:Ref="i28"/><wFilename/></URDFElement></ChildElements><ElementName>material</ElementName><required>false</required><Color z:Ref="i25"/><NameAttribute z:Ref="i24"/><Texture z:Ref="i27"/></URDFElement></ChildElements><ElementName>visual</ElementName><required>false</required><Geometry z:Ref="i20"/><Material z:Ref="i23"/><Origin z:Ref="i17"/></URDFElement><URDFElement z:Id="i29" i:type="Collision"><Attributes/><ChildElements><URDFElement z:Id="i30" i:type="Origin"><Attributes><Attribute z:Id="i31"><AttributeType>xyz</AttributeType><IsRequired>true</IsRequired><Value i:type="a:ArrayOfdouble" xmlns:a="http://schemas.microsoft.com/2003/10/Serialization/Arrays"><a:double>0</a:double><a:double>0</a:double><a:double>0</a:double></Value></Attribute><Attribute z:Id="i32"><AttributeType>rpy</AttributeType><IsRequired>true</IsRequired><Value i:type="a:ArrayOfdouble" xmlns:a="http://schemas.microsoft.com/2003/10/Serialization/Arrays"><a:double>0</a:double><a:double>0</a:double><a:double>0</a:double></Value></Attribute></Attributes><ChildElements/><ElementName>origin</ElementName><required>false</required><RPYAttribute z:Ref="i32"/><XYZAttribute z:Ref="i31"/><isCustomized>false</isCustomized></URDFElement><URDFElement z:Id="i33" i:type="Geometry"><Attributes/><ChildElements><URDFElement z:Id="i34" i:type="Mesh"><Attributes><Attribute z:Id="i35"><AttributeType>filename</AttributeType><IsRequired>true</IsRequired><Value i:nil="true"/></Attribute></Attributes><ChildElements/><ElementName>mesh</ElementName><required>false</required><FilenameAttribute z:Ref="i35"/></URDFElement></ChildElements><ElementName>geometry</ElementName><required>true</required><Mesh z:Ref="i34"/></URDFElement></ChildElements><ElementName>collision</ElementName><required>false</required><Geometry z:Ref="i33"/><Origin z:Ref="i30"/></URDFElement><URDFElement z:Id="i36" i:type="Joint"><Attributes><Attribute z:Id="i37"><AttributeType>name</AttributeType><IsRequired>true</IsRequired><Value i:type="a:string" xmlns:a="http://www.w3.org/2001/XMLSchema"/></Attribute><Attribute z:Id="i38"><AttributeType>type</AttributeType><IsRequired>true</IsRequired><Value i:type="a:string" xmlns:a="http://www.w3.org/2001/XMLSchema"/></Attribute></Attributes><ChildElements><URDFElement z:Id="i39" i:type="Origin"><Attributes><Attribute z:Id="i40"><AttributeType>xyz</AttributeType><IsRequired>true</IsRequired><Value i:type="a:ArrayOfdouble" xmlns:a="http://schemas.microsoft.com/2003/10/Serialization/Arrays"><a:double>0</a:double><a:double>0</a:double><a:double>0</a:double></Value></Attribute><Attribute z:Id="i41"><AttributeType>rpy</AttributeType><IsRequired>true</IsRequired><Value i:type="a:ArrayOfdouble" xmlns:a="http://schemas.microsoft.com/2003/10/Serialization/Arrays"><a:double>0</a:double><a:double>0</a:double><a:double>0</a:double></Value></Attribute></Attributes><ChildElements/><ElementName>origin</ElementName><required>false</required><RPYAttribute z:Ref="i41"/><XYZAttribute z:Ref="i40"/><isCustomized>false</isCustomized></URDFElement><URDFElement z:Id="i42" i:type="ParentLink"><Attributes><Attribute z:Id="i43"><AttributeType>link</AttributeType><IsRequired>true</IsRequired><Value i:type="a:string" xmlns:a="http://www.w3.org/2001/XMLSchema"/></Attribute></Attributes><ChildElements/><ElementName>parent</ElementName><required>true</required><NameAttribute z:Ref="i43"/></URDFElement><URDFElement z:Id="i44" i:type="ChildLink"><Attributes><Attribute z:Id="i45"><AttributeType>link</AttributeType><IsRequired>true</IsRequired><Value i:type="a:string" xmlns:a="http://www.w3.org/2001/XMLSchema"/></Attribute></Attributes><ChildElements/><ElementName>child</ElementName><required>true</required><NameAttribute z:Ref="i45"/></URDFElement><URDFElement z:Id="i46" i:type="Axis"><Attributes><Attribute z:Id="i47"><AttributeType>xyz</AttributeType><IsRequired>true</IsRequired><Value i:type="a:ArrayOfdouble" xmlns:a="http://schemas.microsoft.com/2003/10/Serialization/Arrays"><a:double>0</a:double><a:double>0</a:double><a:double>0</a:double></Value></Attribute></Attributes><ChildElements/><ElementName>axis</ElementName><required>false</required><XYZAttribute z:Ref="i47"/></URDFElement><URDFElement z:Id="i48" i:type="Limit"><Attributes><Attribute z:Id="i49"><AttributeType>lower</AttributeType><IsRequired>false</IsRequired><Value i:nil="true"/></Attribute><Attribute z:Id="i50"><AttributeType>upper</AttributeType><IsRequired>false</IsRequired><Value i:nil="true"/></Attribute><Attribute z:Id="i51"><AttributeType>effort</AttributeType><IsRequired>true</IsRequired><Value i:nil="true"/></Attribute><Attribute z:Id="i52"><AttributeType>velocity</AttributeType><IsRequired>true</IsRequired><Value i:nil="true"/></Attribute></Attributes><ChildElements/><ElementName>limit</ElementName><required>false</required><EffortAttribute z:Ref="i51"/><LowerAttribute z:Ref="i49"/><UpperAttribute z:Ref="i50"/><VelocityAttribute z:Ref="i52"/></URDFElement><URDFElement z:Id="i53" i:type="Calibration"><Attributes><Attribute z:Id="i54"><AttributeType>rising</AttributeType><IsRequired>false</IsRequired><Value i:nil="true"/></Attribute><Attribute z:Id="i55"><AttributeType>falling</AttributeType><IsRequired>false</IsRequired><Value i:nil="true"/></Attribute></Attributes><ChildElements/><ElementName>calibration</ElementName><required>false</required><FallingAttribute z:Ref="i55"/><RisingAttribute z:Ref="i54"/></URDFElement><URDFElement z:Id="i56" i:type="Dynamics"><Attributes><Attribute z:Id="i57"><AttributeType>damping</AttributeType><IsRequired>false</IsRequired><Value i:nil="true"/></Attribute><Attribute z:Id="i58"><AttributeType>friction</AttributeType><IsRequired>false</IsRequired><Value i:nil="true"/></Attribute></Attributes><ChildElements/><ElementName>dynamics</ElementName><required>false</required><DampingAttribute z:Ref="i57"/><FrictionAttribute z:Ref="i58"/></URDFElement><URDFElement z:Id="i59" i:type="SafetyController"><Attributes><Attribute z:Id="i60"><AttributeType>soft_upper_limit</AttributeType><IsRequired>false</IsRequired><Value i:nil="true"/></Attribute><Attribute z:Id="i61"><AttributeType>soft_lower_limit</AttributeType><IsRequired>false</IsRequired><Value i:nil="true"/></Attribute><Attribute z:Id="i62"><AttributeType>k_position</AttributeType><IsRequired>false</IsRequired><Value i:nil="true"/></Attribute><Attribute z:Id="i63"><AttributeType>k_velocity</AttributeType><IsRequired>true</IsRequired><Value i:nil="true"/></Attribute></Attributes><ChildElements/><ElementName>safety_controller</ElementName><required>false</required><KPositionAttribute z:Ref="i62"/><KVelocityAttribute z:Ref="i63"/><SoftLowerAttribute z:Ref="i61"/><SoftUpperAttribute z:Ref="i60"/></URDFElement><URDFElement z:Id="i64" i:type="Mimic"><Attributes><Attribute z:Id="i65"><AttributeType>joint</AttributeType><IsRequired>true</IsRequired><Value i:nil="true"/></Attribute><Attribute z:Id="i66"><AttributeType>multiplier</AttributeType><IsRequired>false</IsRequired><Value i:nil="true"/></Attribute><Attribute z:Id="i67"><AttributeType>offset</AttributeType><IsRequired>false</IsRequired><Value i:nil="true"/></Attribute></Attributes><ChildElements/><ElementName>mimic</ElementName><required>false</required><JointNameAttribute z:Ref="i65"/><MultiplierAttribute z:Ref="i66"/><OffsetAttribute z:Ref="i67"/></URDFElement></ChildElements><ElementName>joint</ElementName><required>false</required><Axis z:Ref="i46"/><AxisName/><Calibration z:Ref="i53"/><Child z:Ref="i44"/><CoordinateSystemName>?????????1</CoordinateSystemName><Dynamics z:Ref="i56"/><Limit z:Ref="i48"/><Mimic z:Ref="i64"/><NameAttribute z:Ref="i37"/><Origin z:Ref="i39"/><Parent z:Ref="i42"/><Safety z:Ref="i59"/><TypeAttribute z:Ref="i38"/></URDFElement></ChildElements><ElementName>link</ElementName><required>true</required><Children/><Collision z:Ref="i29"/><Inertial z:Ref="i3"/><Joint z:Ref="i36"/><NameAttribute z:Ref="i2"/><Parent i:nil="true"/><STLQualityFine>false</STLQualityFine><SWComponentPIDs xmlns:a="http://schemas.microsoft.com/2003/10/Serialization/Arrays"><a:base64Binary>sDYAAAUAAAD//v8OhVGFaLGCuocTaCgAMQApAC0AMQBAAIVRhWixggQAAAAQAAAAAQAAAAEAAAAbAAAA</a:base64Binary><a:base64Binary>sDYAAAUAAAD//v8ReWI0WVdZUnsI/0FTV1sJ/ygAMQApAC0AMQBAAIVRhWixggQAAAAQAAAAAQAAAAEAAAATAAAA</a:base64Binary></SWComponentPIDs><SWMainComponentPID i:nil="true"/><Visual z:Ref="i16"/><isFixedFrame>false</isFixedFrame><isIncomplete>false</isIncomplete></Link>
2022-07-17 21:33:24,498 INFO  AssemblyExportForm.cs: 309 - Saving URDF package to C:\Users\t't\Desktop\soildworks\换套筒\star_sleeve
2022-07-17 21:33:24,499 INFO  ExportHelper.cs: 147 - Beginning the export process
2022-07-17 21:33:24,501 INFO  ExportHelper.cs: 153 - Creating package directories with name star_sleeve and save path C:\Users\t't\Desktop\soildworks\换套筒
2022-07-17 21:33:25,675 INFO  ExportHelper.cs: 162 - Creating CMakeLists.txt at C:\Users\t't\Desktop\soildworks\换套筒\star_sleeve\CMakeLists.txt
2022-07-17 21:33:25,676 INFO  ExportHelper.cs: 166 - Creating joint names config at C:\Users\t't\Desktop\soildworks\换套筒\star_sleeve\config\joint_names_star_sleeve.yaml
2022-07-17 21:33:25,677 INFO  ExportHelper.cs: 170 - Creating package.xml at C:\Users\t't\Desktop\soildworks\换套筒\star_sleeve\package.xml
2022-07-17 21:33:25,678 INFO  PackageXMLWriter.cs: 21 - Creating package.xml at C:\Users\t't\Desktop\soildworks\换套筒\star_sleeve\package.xml
2022-07-17 21:33:25,679 INFO  ExportHelper.cs: 177 - Creating RVIZ launch file in C:\Users\t't\Desktop\soildworks\换套筒\star_sleeve\launch\
2022-07-17 21:33:25,681 INFO  ExportHelper.cs: 182 - Creating Gazebo launch file in C:\Users\t't\Desktop\soildworks\换套筒\star_sleeve\launch\
2022-07-17 21:33:25,682 INFO  ExportHelper.cs: 187 - Saving existing STL preferences
2022-07-17 21:33:25,682 INFO  ExportHelper.cs: 450 - Saving users preferences
2022-07-17 21:33:25,683 INFO  ExportHelper.cs: 190 - Modifying STL preferences
2022-07-17 21:33:25,684 INFO  ExportHelper.cs: 464 - Setting STL preferences
2022-07-17 21:33:25,685 INFO  ExportHelper.cs: 196 - Found 0 hidden components 
2022-07-17 21:33:25,685 INFO  ExportHelper.cs: 197 - Hiding all components
2022-07-17 21:33:26,149 INFO  ExportHelper.cs: 204 - Beginning individual files export
2022-07-17 21:33:26,152 INFO  ExportHelper.cs: 270 - Exporting link: star_sleeve_base_link
2022-07-17 21:33:26,152 INFO  ExportHelper.cs: 272 - Link star_sleeve_base_link has 0 children
2022-07-17 21:33:26,153 INFO  ExportHelper.cs: 317 - star_sleeve_base_link: Exporting STL with coordinate frame 坐标系1
2022-07-17 21:33:26,154 INFO  ExportHelper.cs: 322 - star_sleeve_base_link: Reference geometry name 
2022-07-17 21:33:26,348 INFO  ExportHelper.cs: 330 - Saving STL to C:\Users\t't\Desktop\soildworks\换套筒\star_sleeve\meshes\star_sleeve_base_link.STL
2022-07-17 21:33:26,599 INFO  ExportHelper.cs: 405 - Removing SW header in STL file
2022-07-17 21:33:26,599 INFO  ExportHelper.cs: 145 - Showing all components except previously hidden components
2022-07-17 21:33:26,818 INFO  ExportHelper.cs: 145 - Resetting STL preferences
2022-07-17 21:33:26,819 INFO  ExportHelper.cs: 478 - Returning STL preferences to user preferences
2022-07-17 21:33:26,820 INFO  ExportHelper.cs: 228 - Writing URDF file to C:\Users\t't\Desktop\soildworks\换套筒\star_sleeve\urdf\star_sleeve.urdf
2022-07-17 21:33:26,822 INFO  CSVImportExport.cs: 32 - Writing CSV file C:\Users\t't\Desktop\soildworks\换套筒\star_sleeve\urdf\star_sleeve.csv
2022-07-17 21:33:26,831 ERROR CSVImportExport.cs: 130 - The following columns were not written to the CSV: Link.Joint.ChildLink.link,
2022-07-17 21:33:26,835 INFO  ExportHelper.cs: 234 - Copying log file
2022-07-17 21:33:26,836 INFO  ExportHelper.cs: 439 - Copying C:\Users\t't\sw2urdf_logs\sw2urdf.log to C:\Users\t't\Desktop\soildworks\换套筒\star_sleeve\export.log
2022-07-17 21:33:26,899 INFO  ExportHelper.cs: 237 - Resetting STL preferences
2022-07-17 21:33:26,900 INFO  ExportHelper.cs: 478 - Returning STL preferences to user preferences
2022-07-17 21:39:34,853 INFO  SwAddin.cs: 294 - Assembly export called for file 十字.SLDASM
2022-07-17 21:39:34,854 INFO  SwAddin.cs: 299 - Save is required
2022-07-17 21:39:34,855 INFO  SwAddin.cs: 313 - Saving assembly
2022-07-17 21:39:35,108 INFO  SwAddin.cs: 316 - Opening property manager
2022-07-17 21:39:35,109 INFO  ExportHelperExtension.cs: 1125 - Retrieving features of type [CoordSys] from 十字.SLDASM
2022-07-17 21:39:35,110 INFO  ExportHelperExtension.cs: 1136 - Found 29 in 十字.SLDASM
2022-07-17 21:39:35,111 INFO  ExportHelperExtension.cs: 1145 - Found 1 features of type [CoordSys] in 十字.SLDASM
2022-07-17 21:39:35,111 INFO  ExportHelperExtension.cs: 1148 - Proceeding through assembly components
2022-07-17 21:39:35,112 INFO  ExportHelperExtension.cs: 1160 - 2 components to check
2022-07-17 21:39:35,112 INFO  ExportHelperExtension.cs: 1125 - Retrieving features of type [CoordSys] from φ5-120_电批头(1)-1
2022-07-17 21:39:35,113 INFO  ExportHelperExtension.cs: 1136 - Found 46 in φ5-120_电批头(1)-1
2022-07-17 21:39:35,113 INFO  ExportHelperExtension.cs: 1145 - Found 0 features of type [CoordSys] in φ5-120_电批头(1)-1
2022-07-17 21:39:35,114 INFO  ExportHelperExtension.cs: 1125 - Retrieving features of type [CoordSys] from 批头套筒（十字）(1)-1
2022-07-17 21:39:35,115 INFO  ExportHelperExtension.cs: 1136 - Found 41 in 批头套筒（十字）(1)-1
2022-07-17 21:39:35,115 INFO  ExportHelperExtension.cs: 1145 - Found 0 features of type [CoordSys] in 批头套筒（十字）(1)-1
2022-07-17 21:39:35,116 INFO  ExportHelperExtension.cs: 1125 - Retrieving features of type [RefAxis] from 十字.SLDASM
2022-07-17 21:39:35,121 INFO  ExportHelperExtension.cs: 1136 - Found 29 in 十字.SLDASM
2022-07-17 21:39:35,122 INFO  ExportHelperExtension.cs: 1145 - Found 0 features of type [RefAxis] in 十字.SLDASM
2022-07-17 21:39:35,123 INFO  ExportHelperExtension.cs: 1148 - Proceeding through assembly components
2022-07-17 21:39:35,124 INFO  ExportHelperExtension.cs: 1160 - 2 components to check
2022-07-17 21:39:35,124 INFO  ExportHelperExtension.cs: 1125 - Retrieving features of type [RefAxis] from φ5-120_电批头(1)-1
2022-07-17 21:39:35,125 INFO  ExportHelperExtension.cs: 1136 - Found 46 in φ5-120_电批头(1)-1
2022-07-17 21:39:35,126 INFO  ExportHelperExtension.cs: 1145 - Found 0 features of type [RefAxis] in φ5-120_电批头(1)-1
2022-07-17 21:39:35,126 INFO  ExportHelperExtension.cs: 1125 - Retrieving features of type [RefAxis] from 批头套筒（十字）(1)-1
2022-07-17 21:39:35,127 INFO  ExportHelperExtension.cs: 1136 - Found 41 in 批头套筒（十字）(1)-1
2022-07-17 21:39:35,127 INFO  ExportHelperExtension.cs: 1145 - Found 0 features of type [RefAxis] in 批头套筒（十字）(1)-1
2022-07-17 21:39:35,350 INFO  SwAddin.cs: 339 - Loading config tree
2022-07-17 21:39:35,351 INFO  ExportPropertyManagerExtension.cs: 520 - Starting new configuration
2022-07-17 21:39:35,353 INFO  SwAddin.cs: 344 - Showing property manager
2022-07-17 21:39:52,830 INFO  ExportPropertyManager.cs: 1018 - OnComboboxSelectionChanged called. This method no longer throws an Exception. It just silently does nothing. Ok, except for this logging message
2022-07-17 21:39:57,905 INFO  ExportPropertyManager.cs: 422 - Configuration saved
2022-07-17 21:39:58,223 INFO  ExportHelperExtension.cs: 1125 - Retrieving features of type [CoordSys] from 十字.SLDASM
2022-07-17 21:39:58,224 INFO  ExportHelperExtension.cs: 1136 - Found 30 in 十字.SLDASM
2022-07-17 21:39:58,224 INFO  ExportHelperExtension.cs: 1145 - Found 1 features of type [CoordSys] in 十字.SLDASM
2022-07-17 21:39:58,225 INFO  ExportHelperExtension.cs: 1148 - Proceeding through assembly components
2022-07-17 21:39:58,225 INFO  ExportHelperExtension.cs: 1160 - 2 components to check
2022-07-17 21:39:58,225 INFO  ExportHelperExtension.cs: 1125 - Retrieving features of type [CoordSys] from φ5-120_电批头(1)-1
2022-07-17 21:39:58,225 INFO  ExportHelperExtension.cs: 1136 - Found 46 in φ5-120_电批头(1)-1
2022-07-17 21:39:58,226 INFO  ExportHelperExtension.cs: 1145 - Found 0 features of type [CoordSys] in φ5-120_电批头(1)-1
2022-07-17 21:39:58,226 INFO  ExportHelperExtension.cs: 1125 - Retrieving features of type [CoordSys] from 批头套筒（十字）(1)-1
2022-07-17 21:39:58,227 INFO  ExportHelperExtension.cs: 1136 - Found 41 in 批头套筒（十字）(1)-1
2022-07-17 21:39:58,227 INFO  ExportHelperExtension.cs: 1145 - Found 0 features of type [CoordSys] in 批头套筒（十字）(1)-1
2022-07-17 21:39:58,228 INFO  ExportHelperExtension.cs: 1125 - Retrieving features of type [RefAxis] from 十字.SLDASM
2022-07-17 21:39:58,280 INFO  ExportHelperExtension.cs: 1136 - Found 30 in 十字.SLDASM
2022-07-17 21:39:58,281 INFO  ExportHelperExtension.cs: 1145 - Found 0 features of type [RefAxis] in 十字.SLDASM
2022-07-17 21:39:58,282 INFO  ExportHelperExtension.cs: 1148 - Proceeding through assembly components
2022-07-17 21:39:58,282 INFO  ExportHelperExtension.cs: 1160 - 2 components to check
2022-07-17 21:39:58,283 INFO  ExportHelperExtension.cs: 1125 - Retrieving features of type [RefAxis] from φ5-120_电批头(1)-1
2022-07-17 21:39:58,283 INFO  ExportHelperExtension.cs: 1136 - Found 46 in φ5-120_电批头(1)-1
2022-07-17 21:39:58,284 INFO  ExportHelperExtension.cs: 1145 - Found 0 features of type [RefAxis] in φ5-120_电批头(1)-1
2022-07-17 21:39:58,285 INFO  ExportHelperExtension.cs: 1125 - Retrieving features of type [RefAxis] from 批头套筒（十字）(1)-1
2022-07-17 21:39:58,287 INFO  ExportHelperExtension.cs: 1136 - Found 41 in 批头套筒（十字）(1)-1
2022-07-17 21:39:58,287 INFO  ExportHelperExtension.cs: 1145 - Found 0 features of type [RefAxis] in 批头套筒（十字）(1)-1
2022-07-17 21:39:58,344 INFO  ExportPropertyManager.cs: 1142 - AfterClose called. This method no longer throws an Exception. It just silently does nothing. Ok, except for this logging message
2022-07-17 21:40:06,855 INFO  AssemblyExportForm.cs: 253 - Completing URDF export
2022-07-17 21:40:06,856 INFO  ConfigurationSerialization.cs: 276 - URDF Configuration found
<Link z:Id="i1" xmlns="http://schemas.datacontract.org/2004/07/SW2URDF" xmlns:i="http://www.w3.org/2001/XMLSchema-instance" xmlns:z="http://schemas.microsoft.com/2003/10/Serialization/"><Attributes><Attribute z:Id="i2"><AttributeType>name</AttributeType><IsRequired>true</IsRequired><Value i:type="a:string" xmlns:a="http://www.w3.org/2001/XMLSchema">cross_sleeve_base_link</Value></Attribute></Attributes><ChildElements><URDFElement z:Id="i3" i:type="Inertial"><Attributes/><ChildElements><URDFElement z:Id="i4" i:type="Origin"><Attributes><Attribute z:Id="i5"><AttributeType>xyz</AttributeType><IsRequired>true</IsRequired><Value i:type="a:ArrayOfdouble" xmlns:a="http://schemas.microsoft.com/2003/10/Serialization/Arrays"><a:double>0</a:double><a:double>0</a:double><a:double>0</a:double></Value></Attribute><Attribute z:Id="i6"><AttributeType>rpy</AttributeType><IsRequired>true</IsRequired><Value i:type="a:ArrayOfdouble" xmlns:a="http://schemas.microsoft.com/2003/10/Serialization/Arrays"><a:double>0</a:double><a:double>0</a:double><a:double>0</a:double></Value></Attribute></Attributes><ChildElements/><ElementName>origin</ElementName><required>false</required><RPYAttribute z:Ref="i6"/><XYZAttribute z:Ref="i5"/><isCustomized>false</isCustomized></URDFElement><URDFElement z:Id="i7" i:type="Mass"><Attributes><Attribute z:Id="i8"><AttributeType>value</AttributeType><IsRequired>true</IsRequired><Value i:type="a:double" xmlns:a="http://www.w3.org/2001/XMLSchema">0</Value></Attribute></Attributes><ChildElements/><ElementName>mass</ElementName><required>false</required><ValueAttribute z:Ref="i8"/></URDFElement><URDFElement z:Id="i9" i:type="Inertia"><Attributes><Attribute z:Id="i10"><AttributeType>ixx</AttributeType><IsRequired>true</IsRequired><Value i:type="a:double" xmlns:a="http://www.w3.org/2001/XMLSchema">0</Value></Attribute><Attribute z:Id="i11"><AttributeType>ixy</AttributeType><IsRequired>true</IsRequired><Value i:type="a:double" xmlns:a="http://www.w3.org/2001/XMLSchema">0</Value></Attribute><Attribute z:Id="i12"><AttributeType>ixz</AttributeType><IsRequired>true</IsRequired><Value i:type="a:double" xmlns:a="http://www.w3.org/2001/XMLSchema">0</Value></Attribute><Attribute z:Id="i13"><AttributeType>iyy</AttributeType><IsRequired>true</IsRequired><Value i:type="a:double" xmlns:a="http://www.w3.org/2001/XMLSchema">0</Value></Attribute><Attribute z:Id="i14"><AttributeType>iyz</AttributeType><IsRequired>true</IsRequired><Value i:type="a:double" xmlns:a="http://www.w3.org/2001/XMLSchema">0</Value></Attribute><Attribute z:Id="i15"><AttributeType>izz</AttributeType><IsRequired>true</IsRequired><Value i:type="a:double" xmlns:a="http://www.w3.org/2001/XMLSchema">0</Value></Attribute></Attributes><ChildElements/><ElementName>inertia</ElementName><required>false</required><IxxAttribute z:Ref="i10"/><IxyAttribute z:Ref="i11"/><IxzAttribute z:Ref="i12"/><IyyAttribute z:Ref="i13"/><IyzAttribute z:Ref="i14"/><IzzAttribute z:Ref="i15"/></URDFElement></ChildElements><ElementName>inertial</ElementName><required>false</required><Inertia z:Ref="i9"/><Mass z:Ref="i7"/><Origin z:Ref="i4"/></URDFElement><URDFElement z:Id="i16" i:type="Visual"><Attributes/><ChildElements><URDFElement z:Id="i17" i:type="Origin"><Attributes><Attribute z:Id="i18"><AttributeType>xyz</AttributeType><IsRequired>true</IsRequired><Value i:type="a:ArrayOfdouble" xmlns:a="http://schemas.microsoft.com/2003/10/Serialization/Arrays"><a:double>0</a:double><a:double>0</a:double><a:double>0</a:double></Value></Attribute><Attribute z:Id="i19"><AttributeType>rpy</AttributeType><IsRequired>true</IsRequired><Value i:type="a:ArrayOfdouble" xmlns:a="http://schemas.microsoft.com/2003/10/Serialization/Arrays"><a:double>0</a:double><a:double>0</a:double><a:double>0</a:double></Value></Attribute></Attributes><ChildElements/><ElementName>origin</ElementName><required>false</required><RPYAttribute z:Ref="i19"/><XYZAttribute z:Ref="i18"/><isCustomized>false</isCustomized></URDFElement><URDFElement z:Id="i20" i:type="Geometry"><Attributes/><ChildElements><URDFElement z:Id="i21" i:type="Mesh"><Attributes><Attribute z:Id="i22"><AttributeType>filename</AttributeType><IsRequired>true</IsRequired><Value i:nil="true"/></Attribute></Attributes><ChildElements/><ElementName>mesh</ElementName><required>false</required><FilenameAttribute z:Ref="i22"/></URDFElement></ChildElements><ElementName>geometry</ElementName><required>true</required><Mesh z:Ref="i21"/></URDFElement><URDFElement z:Id="i23" i:type="Material"><Attributes><Attribute z:Id="i24"><AttributeType>name</AttributeType><IsRequired>true</IsRequired><Value i:type="a:string" xmlns:a="http://www.w3.org/2001/XMLSchema"/></Attribute></Attributes><ChildElements><URDFElement z:Id="i25" i:type="Color"><Attributes><Attribute z:Id="i26"><AttributeType>rgba</AttributeType><IsRequired>true</IsRequired><Value i:type="a:ArrayOfdouble" xmlns:a="http://schemas.microsoft.com/2003/10/Serialization/Arrays"><a:double>1</a:double><a:double>1</a:double><a:double>1</a:double><a:double>1</a:double></Value></Attribute></Attributes><ChildElements/><ElementName>color</ElementName><required>false</required><RGBAAttribute z:Ref="i26"/></URDFElement><URDFElement z:Id="i27" i:type="Texture"><Attributes><Attribute z:Id="i28"><AttributeType>filename</AttributeType><IsRequired>true</IsRequired><Value i:nil="true"/></Attribute></Attributes><ChildElements/><ElementName>texture</ElementName><required>false</required><FilenameAttribute z:Ref="i28"/><wFilename/></URDFElement></ChildElements><ElementName>material</ElementName><required>false</required><Color z:Ref="i25"/><NameAttribute z:Ref="i24"/><Texture z:Ref="i27"/></URDFElement></ChildElements><ElementName>visual</ElementName><required>false</required><Geometry z:Ref="i20"/><Material z:Ref="i23"/><Origin z:Ref="i17"/></URDFElement><URDFElement z:Id="i29" i:type="Collision"><Attributes/><ChildElements><URDFElement z:Id="i30" i:type="Origin"><Attributes><Attribute z:Id="i31"><AttributeType>xyz</AttributeType><IsRequired>true</IsRequired><Value i:type="a:ArrayOfdouble" xmlns:a="http://schemas.microsoft.com/2003/10/Serialization/Arrays"><a:double>0</a:double><a:double>0</a:double><a:double>0</a:double></Value></Attribute><Attribute z:Id="i32"><AttributeType>rpy</AttributeType><IsRequired>true</IsRequired><Value i:type="a:ArrayOfdouble" xmlns:a="http://schemas.microsoft.com/2003/10/Serialization/Arrays"><a:double>0</a:double><a:double>0</a:double><a:double>0</a:double></Value></Attribute></Attributes><ChildElements/><ElementName>origin</ElementName><required>false</required><RPYAttribute z:Ref="i32"/><XYZAttribute z:Ref="i31"/><isCustomized>false</isCustomized></URDFElement><URDFElement z:Id="i33" i:type="Geometry"><Attributes/><ChildElements><URDFElement z:Id="i34" i:type="Mesh"><Attributes><Attribute z:Id="i35"><AttributeType>filename</AttributeType><IsRequired>true</IsRequired><Value i:nil="true"/></Attribute></Attributes><ChildElements/><ElementName>mesh</ElementName><required>false</required><FilenameAttribute z:Ref="i35"/></URDFElement></ChildElements><ElementName>geometry</ElementName><required>true</required><Mesh z:Ref="i34"/></URDFElement></ChildElements><ElementName>collision</ElementName><required>false</required><Geometry z:Ref="i33"/><Origin z:Ref="i30"/></URDFElement><URDFElement z:Id="i36" i:type="Joint"><Attributes><Attribute z:Id="i37"><AttributeType>name</AttributeType><IsRequired>true</IsRequired><Value i:type="a:string" xmlns:a="http://www.w3.org/2001/XMLSchema"/></Attribute><Attribute z:Id="i38"><AttributeType>type</AttributeType><IsRequired>true</IsRequired><Value i:type="a:string" xmlns:a="http://www.w3.org/2001/XMLSchema"/></Attribute></Attributes><ChildElements><URDFElement z:Id="i39" i:type="Origin"><Attributes><Attribute z:Id="i40"><AttributeType>xyz</AttributeType><IsRequired>true</IsRequired><Value i:type="a:ArrayOfdouble" xmlns:a="http://schemas.microsoft.com/2003/10/Serialization/Arrays"><a:double>0</a:double><a:double>0</a:double><a:double>0</a:double></Value></Attribute><Attribute z:Id="i41"><AttributeType>rpy</AttributeType><IsRequired>true</IsRequired><Value i:type="a:ArrayOfdouble" xmlns:a="http://schemas.microsoft.com/2003/10/Serialization/Arrays"><a:double>0</a:double><a:double>0</a:double><a:double>0</a:double></Value></Attribute></Attributes><ChildElements/><ElementName>origin</ElementName><required>false</required><RPYAttribute z:Ref="i41"/><XYZAttribute z:Ref="i40"/><isCustomized>false</isCustomized></URDFElement><URDFElement z:Id="i42" i:type="ParentLink"><Attributes><Attribute z:Id="i43"><AttributeType>link</AttributeType><IsRequired>true</IsRequired><Value i:type="a:string" xmlns:a="http://www.w3.org/2001/XMLSchema"/></Attribute></Attributes><ChildElements/><ElementName>parent</ElementName><required>true</required><NameAttribute z:Ref="i43"/></URDFElement><URDFElement z:Id="i44" i:type="ChildLink"><Attributes><Attribute z:Id="i45"><AttributeType>link</AttributeType><IsRequired>true</IsRequired><Value i:type="a:string" xmlns:a="http://www.w3.org/2001/XMLSchema"/></Attribute></Attributes><ChildElements/><ElementName>child</ElementName><required>true</required><NameAttribute z:Ref="i45"/></URDFElement><URDFElement z:Id="i46" i:type="Axis"><Attributes><Attribute z:Id="i47"><AttributeType>xyz</AttributeType><IsRequired>true</IsRequired><Value i:type="a:ArrayOfdouble" xmlns:a="http://schemas.microsoft.com/2003/10/Serialization/Arrays"><a:double>0</a:double><a:double>0</a:double><a:double>0</a:double></Value></Attribute></Attributes><ChildElements/><ElementName>axis</ElementName><required>false</required><XYZAttribute z:Ref="i47"/></URDFElement><URDFElement z:Id="i48" i:type="Limit"><Attributes><Attribute z:Id="i49"><AttributeType>lower</AttributeType><IsRequired>false</IsRequired><Value i:nil="true"/></Attribute><Attribute z:Id="i50"><AttributeType>upper</AttributeType><IsRequired>false</IsRequired><Value i:nil="true"/></Attribute><Attribute z:Id="i51"><AttributeType>effort</AttributeType><IsRequired>true</IsRequired><Value i:nil="true"/></Attribute><Attribute z:Id="i52"><AttributeType>velocity</AttributeType><IsRequired>true</IsRequired><Value i:nil="true"/></Attribute></Attributes><ChildElements/><ElementName>limit</ElementName><required>false</required><EffortAttribute z:Ref="i51"/><LowerAttribute z:Ref="i49"/><UpperAttribute z:Ref="i50"/><VelocityAttribute z:Ref="i52"/></URDFElement><URDFElement z:Id="i53" i:type="Calibration"><Attributes><Attribute z:Id="i54"><AttributeType>rising</AttributeType><IsRequired>false</IsRequired><Value i:nil="true"/></Attribute><Attribute z:Id="i55"><AttributeType>falling</AttributeType><IsRequired>false</IsRequired><Value i:nil="true"/></Attribute></Attributes><ChildElements/><ElementName>calibration</ElementName><required>false</required><FallingAttribute z:Ref="i55"/><RisingAttribute z:Ref="i54"/></URDFElement><URDFElement z:Id="i56" i:type="Dynamics"><Attributes><Attribute z:Id="i57"><AttributeType>damping</AttributeType><IsRequired>false</IsRequired><Value i:nil="true"/></Attribute><Attribute z:Id="i58"><AttributeType>friction</AttributeType><IsRequired>false</IsRequired><Value i:nil="true"/></Attribute></Attributes><ChildElements/><ElementName>dynamics</ElementName><required>false</required><DampingAttribute z:Ref="i57"/><FrictionAttribute z:Ref="i58"/></URDFElement><URDFElement z:Id="i59" i:type="SafetyController"><Attributes><Attribute z:Id="i60"><AttributeType>soft_upper_limit</AttributeType><IsRequired>false</IsRequired><Value i:nil="true"/></Attribute><Attribute z:Id="i61"><AttributeType>soft_lower_limit</AttributeType><IsRequired>false</IsRequired><Value i:nil="true"/></Attribute><Attribute z:Id="i62"><AttributeType>k_position</AttributeType><IsRequired>false</IsRequired><Value i:nil="true"/></Attribute><Attribute z:Id="i63"><AttributeType>k_velocity</AttributeType><IsRequired>true</IsRequired><Value i:nil="true"/></Attribute></Attributes><ChildElements/><ElementName>safety_controller</ElementName><required>false</required><KPositionAttribute z:Ref="i62"/><KVelocityAttribute z:Ref="i63"/><SoftLowerAttribute z:Ref="i61"/><SoftUpperAttribute z:Ref="i60"/></URDFElement><URDFElement z:Id="i64" i:type="Mimic"><Attributes><Attribute z:Id="i65"><AttributeType>joint</AttributeType><IsRequired>true</IsRequired><Value i:nil="true"/></Attribute><Attribute z:Id="i66"><AttributeType>multiplier</AttributeType><IsRequired>false</IsRequired><Value i:nil="true"/></Attribute><Attribute z:Id="i67"><AttributeType>offset</AttributeType><IsRequired>false</IsRequired><Value i:nil="true"/></Attribute></Attributes><ChildElements/><ElementName>mimic</ElementName><required>false</required><JointNameAttribute z:Ref="i65"/><MultiplierAttribute z:Ref="i66"/><OffsetAttribute z:Ref="i67"/></URDFElement></ChildElements><ElementName>joint</ElementName><required>false</required><Axis z:Ref="i46"/><AxisName/><Calibration z:Ref="i53"/><Child z:Ref="i44"/><CoordinateSystemName>?????????1</CoordinateSystemName><Dynamics z:Ref="i56"/><Limit z:Ref="i48"/><Mimic z:Ref="i64"/><NameAttribute z:Ref="i37"/><Origin z:Ref="i39"/><Parent z:Ref="i42"/><Safety z:Ref="i59"/><TypeAttribute z:Ref="i38"/></URDFElement></ChildElements><ElementName>link</ElementName><required>true</required><Children/><Collision z:Ref="i29"/><Inertial z:Ref="i3"/><Joint z:Ref="i36"/><NameAttribute z:Ref="i2"/><Parent i:nil="true"/><STLQualityFine>false</STLQualityFine><SWComponentPIDs xmlns:a="http://schemas.microsoft.com/2003/10/Serialization/Arrays"><a:base64Binary>sDYAAAUAAAD//v8SxgM1AC0AMQAyADAAXwA1dXliNFkoADEAKQAtADEAQABBU1dbBAAAABAAAAABAAAAAQAAAB8AAAA=</a:base64Binary><a:base64Binary>sDYAAAUAAAD//v8QeWI0WVdZUnsI/0FTV1sJ/ygAMQApAC0AMQBAAEFTV1sEAAAAEAAAAAEAAAABAAAAEwAAAA==</a:base64Binary></SWComponentPIDs><SWMainComponentPID i:nil="true"/><Visual z:Ref="i16"/><isFixedFrame>false</isFixedFrame><isIncomplete>false</isIncomplete></Link>
2022-07-17 21:40:26,759 INFO  AssemblyExportForm.cs: 309 - Saving URDF package to C:\Users\t't\Desktop\soildworks\换套筒\cross_sleeve
2022-07-17 21:40:26,760 INFO  ExportHelper.cs: 147 - Beginning the export process
2022-07-17 21:40:26,761 INFO  ExportHelper.cs: 153 - Creating package directories with name cross_sleeve and save path C:\Users\t't\Desktop\soildworks\换套筒
2022-07-17 21:40:27,953 INFO  ExportHelper.cs: 162 - Creating CMakeLists.txt at C:\Users\t't\Desktop\soildworks\换套筒\cross_sleeve\CMakeLists.txt
2022-07-17 21:40:27,954 INFO  ExportHelper.cs: 166 - Creating joint names config at C:\Users\t't\Desktop\soildworks\换套筒\cross_sleeve\config\joint_names_cross_sleeve.yaml
2022-07-17 21:40:27,956 INFO  ExportHelper.cs: 170 - Creating package.xml at C:\Users\t't\Desktop\soildworks\换套筒\cross_sleeve\package.xml
2022-07-17 21:40:27,956 INFO  PackageXMLWriter.cs: 21 - Creating package.xml at C:\Users\t't\Desktop\soildworks\换套筒\cross_sleeve\package.xml
2022-07-17 21:40:27,957 INFO  ExportHelper.cs: 177 - Creating RVIZ launch file in C:\Users\t't\Desktop\soildworks\换套筒\cross_sleeve\launch\
2022-07-17 21:40:27,959 INFO  ExportHelper.cs: 182 - Creating Gazebo launch file in C:\Users\t't\Desktop\soildworks\换套筒\cross_sleeve\launch\
2022-07-17 21:40:27,960 INFO  ExportHelper.cs: 187 - Saving existing STL preferences
2022-07-17 21:40:27,961 INFO  ExportHelper.cs: 450 - Saving users preferences
2022-07-17 21:40:27,961 INFO  ExportHelper.cs: 190 - Modifying STL preferences
2022-07-17 21:40:27,961 INFO  ExportHelper.cs: 464 - Setting STL preferences
2022-07-17 21:40:27,962 INFO  ExportHelper.cs: 196 - Found 0 hidden components 
2022-07-17 21:40:27,963 INFO  ExportHelper.cs: 197 - Hiding all components
2022-07-17 21:40:28,447 INFO  ExportHelper.cs: 204 - Beginning individual files export
2022-07-17 21:40:28,450 INFO  ExportHelper.cs: 270 - Exporting link: cross_sleeve_base_link
2022-07-17 21:40:28,451 INFO  ExportHelper.cs: 272 - Link cross_sleeve_base_link has 0 children
2022-07-17 21:40:28,451 INFO  ExportHelper.cs: 317 - cross_sleeve_base_link: Exporting STL with coordinate frame 坐标系1
2022-07-17 21:40:28,452 INFO  ExportHelper.cs: 322 - cross_sleeve_base_link: Reference geometry name 
2022-07-17 21:40:28,666 INFO  ExportHelper.cs: 330 - Saving STL to C:\Users\t't\Desktop\soildworks\换套筒\cross_sleeve\meshes\cross_sleeve_base_link.STL
2022-07-17 21:40:29,276 INFO  ExportHelper.cs: 405 - Removing SW header in STL file
2022-07-17 21:40:29,277 INFO  ExportHelper.cs: 145 - Showing all components except previously hidden components
2022-07-17 21:40:29,582 INFO  ExportHelper.cs: 145 - Resetting STL preferences
2022-07-17 21:40:29,583 INFO  ExportHelper.cs: 478 - Returning STL preferences to user preferences
2022-07-17 21:40:29,584 INFO  ExportHelper.cs: 228 - Writing URDF file to C:\Users\t't\Desktop\soildworks\换套筒\cross_sleeve\urdf\cross_sleeve.urdf
2022-07-17 21:40:29,585 INFO  CSVImportExport.cs: 32 - Writing CSV file C:\Users\t't\Desktop\soildworks\换套筒\cross_sleeve\urdf\cross_sleeve.csv
2022-07-17 21:40:29,586 ERROR CSVImportExport.cs: 130 - The following columns were not written to the CSV: Link.Joint.ChildLink.link,
2022-07-17 21:40:29,587 INFO  ExportHelper.cs: 234 - Copying log file
2022-07-17 21:40:29,588 INFO  ExportHelper.cs: 439 - Copying C:\Users\t't\sw2urdf_logs\sw2urdf.log to C:\Users\t't\Desktop\soildworks\换套筒\cross_sleeve\export.log
